{"/home/felipelx/Desktop/workspace/courses/bookshelf/src/app.js": {"path":"/home/felipelx/Desktop/workspace/courses/bookshelf/src/app.js","statementMap":{"0":{"start":{"line":5,"column":25},"end":{"line":7,"column":1}},"1":{"start":{"line":6,"column":2},"end":{"line":6,"column":59}},"2":{"start":{"line":8,"column":27},"end":{"line":8,"column":76}},"3":{"start":{"line":8,"column":44},"end":{"line":8,"column":75}},"4":{"start":{"line":11,"column":17},"end":{"line":11,"column":26}},"5":{"start":{"line":12,"column":2},"end":{"line":16,"column":3}}},"fnMap":{"0":{"name":"(anonymous_0)","decl":{"start":{"line":5,"column":36},"end":{"line":5,"column":37}},"loc":{"start":{"line":6,"column":2},"end":{"line":6,"column":59}},"line":6},"1":{"name":"(anonymous_1)","decl":{"start":{"line":8,"column":38},"end":{"line":8,"column":39}},"loc":{"start":{"line":8,"column":44},"end":{"line":8,"column":75}},"line":8},"2":{"name":"App","decl":{"start":{"line":10,"column":9},"end":{"line":10,"column":12}},"loc":{"start":{"line":10,"column":15},"end":{"line":17,"column":1}},"line":10}},"branchMap":{"0":{"loc":{"start":{"line":14,"column":7},"end":{"line":14,"column":59}},"type":"cond-expr","locations":[{"start":{"line":14,"column":14},"end":{"line":14,"column":34}},{"start":{"line":14,"column":37},"end":{"line":14,"column":59}}],"line":14}},"s":{"0":1,"1":1,"2":1,"3":0,"4":8,"5":7},"f":{"0":1,"1":0,"2":8},"b":{"0":[7,0]},"_coverageSchema":"1a1c01bbd47fc00a2c39e90264f33305004495a9","hash":"55270b2d7760045d6a3824ab8d3c8c95db5b675d"}
,"/home/felipelx/Desktop/workspace/courses/bookshelf/src/auth-provider.js": {"path":"/home/felipelx/Desktop/workspace/courses/bookshelf/src/auth-provider.js","statementMap":{"0":{"start":{"line":4,"column":24},"end":{"line":4,"column":49}},"1":{"start":{"line":10,"column":2},"end":{"line":10,"column":53}},"2":{"start":{"line":14,"column":2},"end":{"line":14,"column":58}},"3":{"start":{"line":15,"column":2},"end":{"line":15,"column":13}},"4":{"start":{"line":19,"column":2},"end":{"line":19,"column":71}},"5":{"start":{"line":23,"column":2},"end":{"line":23,"column":74}},"6":{"start":{"line":27,"column":2},"end":{"line":27,"column":49}},"7":{"start":{"line":32,"column":16},"end":{"line":32,"column":46}},"8":{"start":{"line":35,"column":17},"end":{"line":39,"column":3}},"9":{"start":{"line":41,"column":2},"end":{"line":48,"column":4}},"10":{"start":{"line":42,"column":17},"end":{"line":42,"column":38}},"11":{"start":{"line":43,"column":4},"end":{"line":47,"column":5}},"12":{"start":{"line":44,"column":6},"end":{"line":44,"column":17}},"13":{"start":{"line":46,"column":6},"end":{"line":46,"column":33}}},"fnMap":{"0":{"name":"getToken","decl":{"start":{"line":6,"column":15},"end":{"line":6,"column":23}},"loc":{"start":{"line":6,"column":26},"end":{"line":11,"column":1}},"line":6},"1":{"name":"handleUserResponse","decl":{"start":{"line":13,"column":9},"end":{"line":13,"column":27}},"loc":{"start":{"line":13,"column":36},"end":{"line":16,"column":1}},"line":13},"2":{"name":"login","decl":{"start":{"line":18,"column":9},"end":{"line":18,"column":14}},"loc":{"start":{"line":18,"column":37},"end":{"line":20,"column":1}},"line":18},"3":{"name":"register","decl":{"start":{"line":22,"column":9},"end":{"line":22,"column":17}},"loc":{"start":{"line":22,"column":40},"end":{"line":24,"column":1}},"line":22},"4":{"name":"logout","decl":{"start":{"line":26,"column":15},"end":{"line":26,"column":21}},"loc":{"start":{"line":26,"column":24},"end":{"line":28,"column":1}},"line":26},"5":{"name":"client","decl":{"start":{"line":34,"column":15},"end":{"line":34,"column":21}},"loc":{"start":{"line":34,"column":38},"end":{"line":49,"column":1}},"line":34},"6":{"name":"(anonymous_6)","decl":{"start":{"line":41,"column":61},"end":{"line":41,"column":62}},"loc":{"start":{"line":41,"column":79},"end":{"line":48,"column":3}},"line":41}},"branchMap":{"0":{"loc":{"start":{"line":43,"column":4},"end":{"line":47,"column":5}},"type":"if","locations":[{"start":{"line":43,"column":4},"end":{"line":47,"column":5}},{"start":{"line":43,"column":4},"end":{"line":47,"column":5}}],"line":43}},"s":{"0":7,"1":14,"2":0,"3":0,"4":0,"5":0,"6":29,"7":7,"8":0,"9":0,"10":0,"11":0,"12":0,"13":0},"f":{"0":14,"1":0,"2":0,"3":0,"4":29,"5":0,"6":0},"b":{"0":[0,0]},"_coverageSchema":"1a1c01bbd47fc00a2c39e90264f33305004495a9","hash":"f9051d1cb0b1913d9ae7406f42e0c2133e7ea068"}
,"/home/felipelx/Desktop/workspace/courses/bookshelf/src/authenticated-app.js": {"path":"/home/felipelx/Desktop/workspace/courses/bookshelf/src/authenticated-app.js","statementMap":{"0":{"start":{"line":17,"column":2},"end":{"line":28,"column":3}},"1":{"start":{"line":32,"column":25},"end":{"line":32,"column":34}},"2":{"start":{"line":33,"column":2},"end":{"line":75,"column":3}},"3":{"start":{"line":79,"column":16},"end":{"line":79,"column":34}},"4":{"start":{"line":80,"column":2},"end":{"line":110,"column":3}},"5":{"start":{"line":114,"column":2},"end":{"line":145,"column":3}},"6":{"start":{"line":149,"column":2},"end":{"line":157,"column":3}}},"fnMap":{"0":{"name":"ErrorFallback","decl":{"start":{"line":16,"column":9},"end":{"line":16,"column":22}},"loc":{"start":{"line":16,"column":32},"end":{"line":29,"column":1}},"line":16},"1":{"name":"AuthenticatedApp","decl":{"start":{"line":31,"column":9},"end":{"line":31,"column":25}},"loc":{"start":{"line":31,"column":28},"end":{"line":76,"column":1}},"line":31},"2":{"name":"NavLink","decl":{"start":{"line":78,"column":9},"end":{"line":78,"column":16}},"loc":{"start":{"line":78,"column":24},"end":{"line":111,"column":1}},"line":78},"3":{"name":"Nav","decl":{"start":{"line":113,"column":9},"end":{"line":113,"column":12}},"loc":{"start":{"line":113,"column":21},"end":{"line":146,"column":1}},"line":113},"4":{"name":"AppRoutes","decl":{"start":{"line":148,"column":9},"end":{"line":148,"column":18}},"loc":{"start":{"line":148,"column":21},"end":{"line":158,"column":1}},"line":148}},"branchMap":{"0":{"loc":{"start":{"line":98,"column":8},"end":{"line":106,"column":16}},"type":"cond-expr","locations":[{"start":{"line":99,"column":12},"end":{"line":105,"column":13}},{"start":{"line":106,"column":12},"end":{"line":106,"column":16}}],"line":98}},"s":{"0":1,"1":8,"2":7,"3":21,"4":21,"5":7,"6":8},"f":{"0":1,"1":8,"2":21,"3":7,"4":8},"b":{"0":[0,21]},"_coverageSchema":"1a1c01bbd47fc00a2c39e90264f33305004495a9","hash":"7b4e72f05aca6c074e99648fe01b12fa387c7738"}
,"/home/felipelx/Desktop/workspace/courses/bookshelf/src/bootstrap.js": {"path":"/home/felipelx/Desktop/workspace/courses/bookshelf/src/bootstrap.js","statementMap":{},"fnMap":{},"branchMap":{},"s":{},"f":{},"b":{}}
,"/home/felipelx/Desktop/workspace/courses/bookshelf/src/index.js": {"path":"/home/felipelx/Desktop/workspace/courses/bookshelf/src/index.js","statementMap":{"0":{"start":{"line":9,"column":0},"end":{"line":18,"column":2}},"1":{"start":{"line":10,"column":2},"end":{"line":17,"column":3}}},"fnMap":{"0":{"name":"(anonymous_0)","decl":{"start":{"line":9,"column":13},"end":{"line":9,"column":14}},"loc":{"start":{"line":9,"column":19},"end":{"line":18,"column":1}},"line":9}},"branchMap":{},"s":{"0":0,"1":0},"f":{"0":0},"b":{}}
,"/home/felipelx/Desktop/workspace/courses/bookshelf/src/unauthenticated-app.js": {"path":"/home/felipelx/Desktop/workspace/courses/bookshelf/src/unauthenticated-app.js","statementMap":{"0":{"start":{"line":12,"column":43},"end":{"line":12,"column":53}},"1":{"start":{"line":14,"column":4},"end":{"line":14,"column":26}},"2":{"start":{"line":15,"column":33},"end":{"line":15,"column":54}},"3":{"start":{"line":17,"column":4},"end":{"line":22,"column":5}},"4":{"start":{"line":25,"column":2},"end":{"line":59,"column":3}},"5":{"start":{"line":63,"column":28},"end":{"line":63,"column":37}},"6":{"start":{"line":64,"column":2},"end":{"line":108,"column":3}}},"fnMap":{"0":{"name":"LoginForm","decl":{"start":{"line":11,"column":9},"end":{"line":11,"column":18}},"loc":{"start":{"line":11,"column":45},"end":{"line":60,"column":1}},"line":11},"1":{"name":"handleSubmit","decl":{"start":{"line":13,"column":11},"end":{"line":13,"column":23}},"loc":{"start":{"line":13,"column":31},"end":{"line":23,"column":3}},"line":13},"2":{"name":"UnauthenticatedApp","decl":{"start":{"line":62,"column":9},"end":{"line":62,"column":27}},"loc":{"start":{"line":62,"column":30},"end":{"line":109,"column":1}},"line":62}},"branchMap":{"0":{"loc":{"start":{"line":51,"column":14},"end":{"line":53,"column":43}},"type":"cond-expr","locations":[{"start":{"line":52,"column":14},"end":{"line":52,"column":41}},{"start":{"line":53,"column":14},"end":{"line":53,"column":43}}],"line":51},"1":{"loc":{"start":{"line":54,"column":10},"end":{"line":54,"column":62}},"type":"cond-expr","locations":[{"start":{"line":54,"column":22},"end":{"line":54,"column":55}},{"start":{"line":54,"column":58},"end":{"line":54,"column":62}}],"line":54},"2":{"loc":{"start":{"line":57,"column":7},"end":{"line":57,"column":54}},"type":"cond-expr","locations":[{"start":{"line":57,"column":17},"end":{"line":57,"column":47}},{"start":{"line":57,"column":50},"end":{"line":57,"column":54}}],"line":57}},"s":{"0":0,"1":0,"2":0,"3":0,"4":0,"5":0,"6":0},"f":{"0":0,"1":0,"2":0},"b":{"0":[0,0],"1":[0,0],"2":[0,0]}}
,"/home/felipelx/Desktop/workspace/courses/bookshelf/src/components/book-row.js": {"path":"/home/felipelx/Desktop/workspace/courses/bookshelf/src/components/book-row.js","statementMap":{"0":{"start":{"line":12,"column":41},"end":{"line":12,"column":45}},"1":{"start":{"line":13,"column":19},"end":{"line":13,"column":39}},"2":{"start":{"line":15,"column":13},"end":{"line":15,"column":39}},"3":{"start":{"line":17,"column":2},"end":{"line":108,"column":3}}},"fnMap":{"0":{"name":"BookRow","decl":{"start":{"line":11,"column":9},"end":{"line":11,"column":16}},"loc":{"start":{"line":11,"column":25},"end":{"line":109,"column":1}},"line":11}},"branchMap":{"0":{"loc":{"start":{"line":73,"column":15},"end":{"line":73,"column":75}},"type":"cond-expr","locations":[{"start":{"line":73,"column":38},"end":{"line":73,"column":68}},{"start":{"line":73,"column":71},"end":{"line":73,"column":75}}],"line":73}},"s":{"0":0,"1":0,"2":0,"3":0},"f":{"0":0},"b":{"0":[0,0]},"_coverageSchema":"1a1c01bbd47fc00a2c39e90264f33305004495a9","hash":"2ef15855783fb9977c30d04c71ea83669f37b9b3"}
,"/home/felipelx/Desktop/workspace/courses/bookshelf/src/components/lib.js": {"path":"/home/felipelx/Desktop/workspace/courses/bookshelf/src/components/lib.js","statementMap":{"0":{"start":{"line":12,"column":13},"end":{"line":15,"column":2}},"1":{"start":{"line":17,"column":21},"end":{"line":30,"column":2}},"2":{"start":{"line":32,"column":19},"end":{"line":38,"column":2}},"3":{"start":{"line":40,"column":16},"end":{"line":42,"column":2}},"4":{"start":{"line":43,"column":0},"end":{"line":45,"column":1}},"5":{"start":{"line":47,"column":23},"end":{"line":56,"column":1}},"6":{"start":{"line":57,"column":15},"end":{"line":65,"column":1}},"7":{"start":{"line":64,"column":29},"end":{"line":64,"column":52}},"8":{"start":{"line":67,"column":20},"end":{"line":71,"column":1}},"9":{"start":{"line":73,"column":14},"end":{"line":73,"column":62}},"10":{"start":{"line":74,"column":17},"end":{"line":74,"column":45}},"11":{"start":{"line":76,"column":15},"end":{"line":86,"column":2}},"12":{"start":{"line":88,"column":18},"end":{"line":91,"column":2}},"13":{"start":{"line":94,"column":2},"end":{"line":107,"column":3}},"14":{"start":{"line":110,"column":13},"end":{"line":116,"column":2}},"15":{"start":{"line":118,"column":29},"end":{"line":121,"column":1}},"16":{"start":{"line":124,"column":2},"end":{"line":140,"column":3}},"17":{"start":{"line":144,"column":2},"end":{"line":159,"column":3}}},"fnMap":{"0":{"name":"(anonymous_0)","decl":{"start":{"line":64,"column":2},"end":{"line":64,"column":3}},"loc":{"start":{"line":64,"column":29},"end":{"line":64,"column":52}},"line":64},"1":{"name":"FullPageSpinner","decl":{"start":{"line":93,"column":9},"end":{"line":93,"column":24}},"loc":{"start":{"line":93,"column":27},"end":{"line":108,"column":1}},"line":93},"2":{"name":"ErrorMessage","decl":{"start":{"line":123,"column":9},"end":{"line":123,"column":21}},"loc":{"start":{"line":123,"column":62},"end":{"line":141,"column":1}},"line":123},"3":{"name":"FullPageErrorFallback","decl":{"start":{"line":143,"column":9},"end":{"line":143,"column":30}},"loc":{"start":{"line":143,"column":40},"end":{"line":160,"column":1}},"line":143}},"branchMap":{"0":{"loc":{"start":{"line":64,"column":4},"end":{"line":64,"column":23}},"type":"default-arg","locations":[{"start":{"line":64,"column":14},"end":{"line":64,"column":23}}],"line":64},"1":{"loc":{"start":{"line":123,"column":30},"end":{"line":123,"column":49}},"type":"default-arg","locations":[{"start":{"line":123,"column":40},"end":{"line":123,"column":49}}],"line":123}},"s":{"0":3,"1":3,"2":3,"3":3,"4":3,"5":3,"6":3,"7":7,"8":3,"9":3,"10":3,"11":3,"12":3,"13":29,"14":3,"15":3,"16":3,"17":0},"f":{"0":7,"1":29,"2":3,"3":0},"b":{"0":[0],"1":[1]},"_coverageSchema":"1a1c01bbd47fc00a2c39e90264f33305004495a9","hash":"0513c41a551baa76145336359d3c686d42dbb615"}
,"/home/felipelx/Desktop/workspace/courses/bookshelf/src/components/list-item-list.js": {"path":"/home/felipelx/Desktop/workspace/courses/bookshelf/src/components/list-item-list.js","statementMap":{"0":{"start":{"line":10,"column":20},"end":{"line":10,"column":34}},"1":{"start":{"line":12,"column":28},"end":{"line":12,"column":61}},"2":{"start":{"line":14,"column":2},"end":{"line":16,"column":3}},"3":{"start":{"line":15,"column":4},"end":{"line":15,"column":79}},"4":{"start":{"line":17,"column":2},"end":{"line":23,"column":3}},"5":{"start":{"line":18,"column":4},"end":{"line":22,"column":5}},"6":{"start":{"line":25,"column":2},"end":{"line":38,"column":3}},"7":{"start":{"line":32,"column":10},"end":{"line":34,"column":15}}},"fnMap":{"0":{"name":"ListItemList","decl":{"start":{"line":9,"column":9},"end":{"line":9,"column":21}},"loc":{"start":{"line":9,"column":75},"end":{"line":39,"column":1}},"line":9},"1":{"name":"(anonymous_1)","decl":{"start":{"line":31,"column":31},"end":{"line":31,"column":32}},"loc":{"start":{"line":32,"column":10},"end":{"line":34,"column":15}},"line":32}},"branchMap":{"0":{"loc":{"start":{"line":14,"column":2},"end":{"line":16,"column":3}},"type":"if","locations":[{"start":{"line":14,"column":2},"end":{"line":16,"column":3}},{"start":{"line":14,"column":2},"end":{"line":16,"column":3}}],"line":14},"1":{"loc":{"start":{"line":17,"column":2},"end":{"line":23,"column":3}},"type":"if","locations":[{"start":{"line":17,"column":2},"end":{"line":23,"column":3}},{"start":{"line":17,"column":2},"end":{"line":23,"column":3}}],"line":17}},"s":{"0":0,"1":0,"2":0,"3":0,"4":0,"5":0,"6":0,"7":0},"f":{"0":0,"1":0},"b":{"0":[0,0],"1":[0,0]},"_coverageSchema":"1a1c01bbd47fc00a2c39e90264f33305004495a9","hash":"4ce8ab99ae36afd9a9d066915550f120e8bff31e"}
,"/home/felipelx/Desktop/workspace/courses/bookshelf/src/components/logo.js": {"path":"/home/felipelx/Desktop/workspace/courses/bookshelf/src/components/logo.js","statementMap":{"0":{"start":{"line":3,"column":13},"end":{"line":52,"column":1}},"1":{"start":{"line":4,"column":2},"end":{"line":51,"column":3}}},"fnMap":{"0":{"name":"(anonymous_0)","decl":{"start":{"line":3,"column":13},"end":{"line":3,"column":14}},"loc":{"start":{"line":3,"column":48},"end":{"line":52,"column":1}},"line":3}},"branchMap":{"0":{"loc":{"start":{"line":3,"column":15},"end":{"line":3,"column":27}},"type":"default-arg","locations":[{"start":{"line":3,"column":23},"end":{"line":3,"column":27}}],"line":3},"1":{"loc":{"start":{"line":3,"column":29},"end":{"line":3,"column":42}},"type":"default-arg","locations":[{"start":{"line":3,"column":38},"end":{"line":3,"column":42}}],"line":3}},"s":{"0":0,"1":0},"f":{"0":0},"b":{"0":[0],"1":[0]}}
,"/home/felipelx/Desktop/workspace/courses/bookshelf/src/components/modal.js": {"path":"/home/felipelx/Desktop/workspace/courses/bookshelf/src/components/modal.js","statementMap":{"0":{"start":{"line":9,"column":2},"end":{"line":11,"column":40}},"1":{"start":{"line":10,"column":2},"end":{"line":11,"column":40}},"2":{"start":{"line":11,"column":4},"end":{"line":11,"column":40}},"3":{"start":{"line":11,"column":22},"end":{"line":11,"column":39}},"4":{"start":{"line":13,"column":21},"end":{"line":13,"column":42}},"5":{"start":{"line":16,"column":30},"end":{"line":16,"column":51}},"6":{"start":{"line":18,"column":2},"end":{"line":18,"column":73}},"7":{"start":{"line":22,"column":24},"end":{"line":22,"column":54}},"8":{"start":{"line":23,"column":2},"end":{"line":25,"column":4}},"9":{"start":{"line":24,"column":27},"end":{"line":24,"column":43}},"10":{"start":{"line":29,"column":24},"end":{"line":29,"column":54}},"11":{"start":{"line":30,"column":2},"end":{"line":32,"column":4}},"12":{"start":{"line":31,"column":27},"end":{"line":31,"column":42}},"13":{"start":{"line":36,"column":30},"end":{"line":36,"column":60}},"14":{"start":{"line":37,"column":2},"end":{"line":39,"column":3}},"15":{"start":{"line":38,"column":45},"end":{"line":38,"column":61}},"16":{"start":{"line":43,"column":2},"end":{"line":56,"column":3}}},"fnMap":{"0":{"name":"(anonymous_0)","decl":{"start":{"line":9,"column":2},"end":{"line":9,"column":3}},"loc":{"start":{"line":10,"column":2},"end":{"line":11,"column":40}},"line":10},"1":{"name":"(anonymous_1)","decl":{"start":{"line":10,"column":2},"end":{"line":10,"column":3}},"loc":{"start":{"line":11,"column":4},"end":{"line":11,"column":40}},"line":11},"2":{"name":"(anonymous_2)","decl":{"start":{"line":11,"column":16},"end":{"line":11,"column":17}},"loc":{"start":{"line":11,"column":22},"end":{"line":11,"column":39}},"line":11},"3":{"name":"Modal","decl":{"start":{"line":15,"column":9},"end":{"line":15,"column":14}},"loc":{"start":{"line":15,"column":22},"end":{"line":19,"column":1}},"line":15},"4":{"name":"ModalDismissButton","decl":{"start":{"line":21,"column":9},"end":{"line":21,"column":27}},"loc":{"start":{"line":21,"column":47},"end":{"line":26,"column":1}},"line":21},"5":{"name":"(anonymous_5)","decl":{"start":{"line":24,"column":21},"end":{"line":24,"column":22}},"loc":{"start":{"line":24,"column":27},"end":{"line":24,"column":43}},"line":24},"6":{"name":"ModalOpenButton","decl":{"start":{"line":28,"column":9},"end":{"line":28,"column":24}},"loc":{"start":{"line":28,"column":44},"end":{"line":33,"column":1}},"line":28},"7":{"name":"(anonymous_7)","decl":{"start":{"line":31,"column":21},"end":{"line":31,"column":22}},"loc":{"start":{"line":31,"column":27},"end":{"line":31,"column":42}},"line":31},"8":{"name":"ModalContentsBase","decl":{"start":{"line":35,"column":9},"end":{"line":35,"column":26}},"loc":{"start":{"line":35,"column":34},"end":{"line":40,"column":1}},"line":35},"9":{"name":"(anonymous_9)","decl":{"start":{"line":38,"column":39},"end":{"line":38,"column":40}},"loc":{"start":{"line":38,"column":45},"end":{"line":38,"column":61}},"line":38},"10":{"name":"ModalContents","decl":{"start":{"line":42,"column":9},"end":{"line":42,"column":22}},"loc":{"start":{"line":42,"column":52},"end":{"line":57,"column":1}},"line":42}},"branchMap":{"0":{"loc":{"start":{"line":11,"column":22},"end":{"line":11,"column":39}},"type":"binary-expr","locations":[{"start":{"line":11,"column":22},"end":{"line":11,"column":24}},{"start":{"line":11,"column":28},"end":{"line":11,"column":39}}],"line":11}},"s":{"0":1,"1":4,"2":2,"3":4,"4":1,"5":3,"6":3,"7":1,"8":1,"9":1,"10":3,"11":3,"12":1,"13":3,"14":3,"15":0,"16":1},"f":{"0":4,"1":2,"2":4,"3":3,"4":1,"5":1,"6":3,"7":1,"8":3,"9":0,"10":1},"b":{"0":[4,2]},"_coverageSchema":"1a1c01bbd47fc00a2c39e90264f33305004495a9","hash":"7e5c7f49f00adda37522985fbb72699fcea53ac7"}
,"/home/felipelx/Desktop/workspace/courses/bookshelf/src/components/profiler.js": {"path":"/home/felipelx/Desktop/workspace/courses/bookshelf/src/components/profiler.js","statementMap":{"0":{"start":{"line":4,"column":12},"end":{"line":4,"column":14}},"1":{"start":{"line":6,"column":0},"end":{"line":6,"column":35}},"2":{"start":{"line":9,"column":2},"end":{"line":11,"column":3}},"3":{"start":{"line":10,"column":4},"end":{"line":10,"column":43}},"4":{"start":{"line":12,"column":22},"end":{"line":12,"column":32}},"5":{"start":{"line":13,"column":2},"end":{"line":13,"column":12}},"6":{"start":{"line":14,"column":2},"end":{"line":14,"column":47}},"7":{"start":{"line":30,"column":4},"end":{"line":41,"column":5}},"8":{"start":{"line":31,"column":6},"end":{"line":40,"column":8}},"9":{"start":{"line":43,"column":2},"end":{"line":43,"column":63}}},"fnMap":{"0":{"name":"sendProfileQueue","decl":{"start":{"line":8,"column":9},"end":{"line":8,"column":25}},"loc":{"start":{"line":8,"column":28},"end":{"line":15,"column":1}},"line":8},"1":{"name":"Profiler","decl":{"start":{"line":20,"column":9},"end":{"line":20,"column":17}},"loc":{"start":{"line":20,"column":48},"end":{"line":44,"column":1}},"line":20},"2":{"name":"reportProfile","decl":{"start":{"line":21,"column":11},"end":{"line":21,"column":24}},"loc":{"start":{"line":29,"column":4},"end":{"line":42,"column":3}},"line":29}},"branchMap":{"0":{"loc":{"start":{"line":9,"column":2},"end":{"line":11,"column":3}},"type":"if","locations":[{"start":{"line":9,"column":2},"end":{"line":11,"column":3}},{"start":{"line":9,"column":2},"end":{"line":11,"column":3}}],"line":9},"1":{"loc":{"start":{"line":30,"column":4},"end":{"line":41,"column":5}},"type":"if","locations":[{"start":{"line":30,"column":4},"end":{"line":41,"column":5}},{"start":{"line":30,"column":4},"end":{"line":41,"column":5}}],"line":30},"2":{"loc":{"start":{"line":30,"column":8},"end":{"line":30,"column":41}},"type":"binary-expr","locations":[{"start":{"line":30,"column":8},"end":{"line":30,"column":15}},{"start":{"line":30,"column":19},"end":{"line":30,"column":41}}],"line":30}},"s":{"0":0,"1":0,"2":0,"3":0,"4":0,"5":0,"6":0,"7":0,"8":0,"9":0},"f":{"0":0,"1":0,"2":0},"b":{"0":[0,0],"1":[0,0],"2":[0,0]}}
,"/home/felipelx/Desktop/workspace/courses/bookshelf/src/components/rating.js": {"path":"/home/felipelx/Desktop/workspace/courses/bookshelf/src/components/rating.js","statementMap":{"0":{"start":{"line":10,"column":26},"end":{"line":19,"column":1}},"1":{"start":{"line":22,"column":36},"end":{"line":22,"column":57}},"2":{"start":{"line":24,"column":37},"end":{"line":24,"column":56}},"3":{"start":{"line":26,"column":2},"end":{"line":34,"column":8}},"4":{"start":{"line":28,"column":6},"end":{"line":30,"column":7}},"5":{"start":{"line":29,"column":8},"end":{"line":29,"column":26}},"6":{"start":{"line":32,"column":4},"end":{"line":32,"column":69}},"7":{"start":{"line":33,"column":4},"end":{"line":33,"column":71}},"8":{"start":{"line":33,"column":17},"end":{"line":33,"column":71}},"9":{"start":{"line":36,"column":24},"end":{"line":36,"column":50}},"10":{"start":{"line":38,"column":16},"end":{"line":90,"column":4}},"11":{"start":{"line":39,"column":21},"end":{"line":39,"column":49}},"12":{"start":{"line":40,"column":24},"end":{"line":40,"column":29}},"13":{"start":{"line":41,"column":4},"end":{"line":89,"column":5}},"14":{"start":{"line":50,"column":12},"end":{"line":50,"column":58}},"15":{"start":{"line":91,"column":2},"end":{"line":112,"column":3}},"16":{"start":{"line":93,"column":20},"end":{"line":93,"column":39}}},"fnMap":{"0":{"name":"Rating","decl":{"start":{"line":21,"column":9},"end":{"line":21,"column":15}},"loc":{"start":{"line":21,"column":28},"end":{"line":113,"column":1}},"line":21},"1":{"name":"(anonymous_1)","decl":{"start":{"line":26,"column":18},"end":{"line":26,"column":19}},"loc":{"start":{"line":26,"column":24},"end":{"line":34,"column":3}},"line":26},"2":{"name":"handleKeyDown","decl":{"start":{"line":27,"column":13},"end":{"line":27,"column":26}},"loc":{"start":{"line":27,"column":34},"end":{"line":31,"column":5}},"line":27},"3":{"name":"(anonymous_3)","decl":{"start":{"line":33,"column":11},"end":{"line":33,"column":12}},"loc":{"start":{"line":33,"column":17},"end":{"line":33,"column":71}},"line":33},"4":{"name":"(anonymous_4)","decl":{"start":{"line":38,"column":44},"end":{"line":38,"column":45}},"loc":{"start":{"line":38,"column":54},"end":{"line":90,"column":3}},"line":38},"5":{"name":"(anonymous_5)","decl":{"start":{"line":49,"column":20},"end":{"line":49,"column":21}},"loc":{"start":{"line":49,"column":26},"end":{"line":51,"column":11}},"line":49},"6":{"name":"(anonymous_6)","decl":{"start":{"line":93,"column":15},"end":{"line":93,"column":16}},"loc":{"start":{"line":93,"column":20},"end":{"line":93,"column":39}},"line":93}},"branchMap":{"0":{"loc":{"start":{"line":28,"column":6},"end":{"line":30,"column":7}},"type":"if","locations":[{"start":{"line":28,"column":6},"end":{"line":30,"column":7}},{"start":{"line":28,"column":6},"end":{"line":30,"column":7}}],"line":28},"1":{"loc":{"start":{"line":68,"column":25},"end":{"line":70,"column":29}},"type":"cond-expr","locations":[{"start":{"line":69,"column":20},"end":{"line":69,"column":77}},{"start":{"line":70,"column":20},"end":{"line":70,"column":29}}],"line":68},"2":{"loc":{"start":{"line":79,"column":19},"end":{"line":79,"column":70}},"type":"cond-expr","locations":[{"start":{"line":79,"column":41},"end":{"line":79,"column":54}},{"start":{"line":79,"column":57},"end":{"line":79,"column":70}}],"line":79},"3":{"loc":{"start":{"line":84,"column":27},"end":{"line":84,"column":63}},"type":"cond-expr","locations":[{"start":{"line":84,"column":47},"end":{"line":84,"column":53}},{"start":{"line":84,"column":56},"end":{"line":84,"column":63}}],"line":84},"4":{"loc":{"start":{"line":104,"column":7},"end":{"line":110,"column":14}},"type":"cond-expr","locations":[{"start":{"line":105,"column":8},"end":{"line":109,"column":10}},{"start":{"line":110,"column":10},"end":{"line":110,"column":14}}],"line":104}},"s":{"0":2,"1":36,"2":36,"3":36,"4":2,"5":0,"6":11,"7":11,"8":10,"9":36,"10":36,"11":180,"12":180,"13":180,"14":1,"15":36,"16":1},"f":{"0":36,"1":11,"2":2,"3":10,"4":180,"5":1,"6":1},"b":{"0":[0,2],"1":[0,180],"2":[0,180],"3":[36,144],"4":[0,36]},"_coverageSchema":"1a1c01bbd47fc00a2c39e90264f33305004495a9","hash":"94c9eea1c5582b678471a843682c595f2408e3e9"}
,"/home/felipelx/Desktop/workspace/courses/bookshelf/src/components/status-buttons.js": {"path":"/home/felipelx/Desktop/workspace/courses/bookshelf/src/components/status-buttons.js","statementMap":{"0":{"start":{"line":24,"column":50},"end":{"line":24,"column":60}},"1":{"start":{"line":27,"column":4},"end":{"line":31,"column":5}},"2":{"start":{"line":28,"column":6},"end":{"line":28,"column":13}},"3":{"start":{"line":30,"column":6},"end":{"line":30,"column":20}},"4":{"start":{"line":34,"column":2},"end":{"line":55,"column":3}},"5":{"start":{"line":59,"column":19},"end":{"line":59,"column":39}},"6":{"start":{"line":61,"column":19},"end":{"line":61,"column":58}},"7":{"start":{"line":62,"column":30},"end":{"line":62,"column":69}},"8":{"start":{"line":63,"column":27},"end":{"line":63,"column":66}},"9":{"start":{"line":65,"column":2},"end":{"line":100,"column":3}},"10":{"start":{"line":72,"column":27},"end":{"line":72,"column":70}},"11":{"start":{"line":79,"column":27},"end":{"line":79,"column":76}},"12":{"start":{"line":88,"column":25},"end":{"line":88,"column":61}},"13":{"start":{"line":95,"column":25},"end":{"line":95,"column":58}}},"fnMap":{"0":{"name":"TooltipButton","decl":{"start":{"line":23,"column":9},"end":{"line":23,"column":22}},"loc":{"start":{"line":23,"column":67},"end":{"line":56,"column":1}},"line":23},"1":{"name":"handleClick","decl":{"start":{"line":26,"column":11},"end":{"line":26,"column":22}},"loc":{"start":{"line":26,"column":25},"end":{"line":32,"column":3}},"line":26},"2":{"name":"StatusButtons","decl":{"start":{"line":58,"column":9},"end":{"line":58,"column":22}},"loc":{"start":{"line":58,"column":31},"end":{"line":101,"column":1}},"line":58},"3":{"name":"(anonymous_3)","decl":{"start":{"line":72,"column":21},"end":{"line":72,"column":22}},"loc":{"start":{"line":72,"column":27},"end":{"line":72,"column":70}},"line":72},"4":{"name":"(anonymous_4)","decl":{"start":{"line":79,"column":21},"end":{"line":79,"column":22}},"loc":{"start":{"line":79,"column":27},"end":{"line":79,"column":76}},"line":79},"5":{"name":"(anonymous_5)","decl":{"start":{"line":88,"column":19},"end":{"line":88,"column":20}},"loc":{"start":{"line":88,"column":25},"end":{"line":88,"column":61}},"line":88},"6":{"name":"(anonymous_6)","decl":{"start":{"line":95,"column":19},"end":{"line":95,"column":20}},"loc":{"start":{"line":95,"column":25},"end":{"line":95,"column":58}},"line":95}},"branchMap":{"0":{"loc":{"start":{"line":27,"column":4},"end":{"line":31,"column":5}},"type":"if","locations":[{"start":{"line":27,"column":4},"end":{"line":31,"column":5}},{"start":{"line":27,"column":4},"end":{"line":31,"column":5}}],"line":27},"1":{"loc":{"start":{"line":35,"column":20},"end":{"line":35,"column":51}},"type":"cond-expr","locations":[{"start":{"line":35,"column":30},"end":{"line":35,"column":43}},{"start":{"line":35,"column":46},"end":{"line":35,"column":51}}],"line":35},"2":{"loc":{"start":{"line":40,"column":19},"end":{"line":44,"column":25}},"type":"cond-expr","locations":[{"start":{"line":41,"column":16},"end":{"line":41,"column":29}},{"start":{"line":42,"column":16},"end":{"line":44,"column":25}}],"line":40},"3":{"loc":{"start":{"line":42,"column":16},"end":{"line":44,"column":25}},"type":"cond-expr","locations":[{"start":{"line":43,"column":16},"end":{"line":43,"column":29}},{"start":{"line":44,"column":16},"end":{"line":44,"column":25}}],"line":42},"4":{"loc":{"start":{"line":49,"column":20},"end":{"line":49,"column":51}},"type":"cond-expr","locations":[{"start":{"line":49,"column":30},"end":{"line":49,"column":43}},{"start":{"line":49,"column":46},"end":{"line":49,"column":51}}],"line":49},"5":{"loc":{"start":{"line":52,"column":9},"end":{"line":52,"column":69}},"type":"cond-expr","locations":[{"start":{"line":52,"column":21},"end":{"line":52,"column":32}},{"start":{"line":52,"column":35},"end":{"line":52,"column":69}}],"line":52},"6":{"loc":{"start":{"line":52,"column":35},"end":{"line":52,"column":69}},"type":"cond-expr","locations":[{"start":{"line":52,"column":45},"end":{"line":52,"column":62}},{"start":{"line":52,"column":65},"end":{"line":52,"column":69}}],"line":52},"7":{"loc":{"start":{"line":67,"column":7},"end":{"line":83,"column":14}},"type":"cond-expr","locations":[{"start":{"line":68,"column":8},"end":{"line":82,"column":9}},{"start":{"line":83,"column":10},"end":{"line":83,"column":14}}],"line":67},"8":{"loc":{"start":{"line":68,"column":8},"end":{"line":82,"column":9}},"type":"cond-expr","locations":[{"start":{"line":69,"column":10},"end":{"line":74,"column":12}},{"start":{"line":76,"column":10},"end":{"line":81,"column":12}}],"line":68},"9":{"loc":{"start":{"line":84,"column":7},"end":{"line":98,"column":7}},"type":"cond-expr","locations":[{"start":{"line":85,"column":8},"end":{"line":90,"column":10}},{"start":{"line":92,"column":8},"end":{"line":97,"column":10}}],"line":84}},"s":{"0":130,"1":3,"2":0,"3":3,"4":130,"5":75,"6":75,"7":75,"8":75,"9":75,"10":0,"11":1,"12":1,"13":1},"f":{"0":130,"1":3,"2":75,"3":0,"4":1,"5":1,"6":1},"b":{"0":[0,3],"1":[0,130],"2":[26,104],"3":[0,104],"4":[0,130],"5":[26,104],"6":[0,104],"7":[52,23],"8":[44,8],"9":[52,23]},"_coverageSchema":"1a1c01bbd47fc00a2c39e90264f33305004495a9","hash":"be0ce05c258df9721f8153e04fde0577df7e38ad"}
,"/home/felipelx/Desktop/workspace/courses/bookshelf/src/context/auth-context.js": {"path":"/home/felipelx/Desktop/workspace/courses/bookshelf/src/context/auth-context.js","statementMap":{"0":{"start":{"line":13,"column":13},"end":{"line":13,"column":17}},"1":{"start":{"line":15,"column":16},"end":{"line":15,"column":37}},"2":{"start":{"line":16,"column":2},"end":{"line":25,"column":3}},"3":{"start":{"line":17,"column":17},"end":{"line":17,"column":51}},"4":{"start":{"line":18,"column":4},"end":{"line":20,"column":6}},"5":{"start":{"line":21,"column":4},"end":{"line":23,"column":5}},"6":{"start":{"line":22,"column":6},"end":{"line":22,"column":40}},"7":{"start":{"line":24,"column":4},"end":{"line":24,"column":20}},"8":{"start":{"line":26,"column":2},"end":{"line":26,"column":13}},"9":{"start":{"line":29,"column":20},"end":{"line":29,"column":41}},"10":{"start":{"line":30,"column":0},"end":{"line":30,"column":39}},"11":{"start":{"line":43,"column":6},"end":{"line":43,"column":16}},"12":{"start":{"line":45,"column":2},"end":{"line":48,"column":11}},"13":{"start":{"line":46,"column":27},"end":{"line":46,"column":45}},"14":{"start":{"line":47,"column":4},"end":{"line":47,"column":23}},"15":{"start":{"line":50,"column":16},"end":{"line":53,"column":3}},"16":{"start":{"line":51,"column":12},"end":{"line":51,"column":56}},"17":{"start":{"line":51,"column":42},"end":{"line":51,"column":55}},"18":{"start":{"line":54,"column":19},"end":{"line":57,"column":3}},"19":{"start":{"line":55,"column":12},"end":{"line":55,"column":59}},"20":{"start":{"line":55,"column":45},"end":{"line":55,"column":58}},"21":{"start":{"line":58,"column":17},"end":{"line":62,"column":15}},"22":{"start":{"line":59,"column":4},"end":{"line":59,"column":17}},"23":{"start":{"line":60,"column":4},"end":{"line":60,"column":22}},"24":{"start":{"line":61,"column":4},"end":{"line":61,"column":17}},"25":{"start":{"line":64,"column":16},"end":{"line":67,"column":3}},"26":{"start":{"line":65,"column":11},"end":{"line":65,"column":42}},"27":{"start":{"line":69,"column":2},"end":{"line":71,"column":3}},"28":{"start":{"line":70,"column":4},"end":{"line":70,"column":30}},"29":{"start":{"line":73,"column":2},"end":{"line":75,"column":3}},"30":{"start":{"line":74,"column":4},"end":{"line":74,"column":50}},"31":{"start":{"line":77,"column":2},"end":{"line":79,"column":3}},"32":{"start":{"line":78,"column":4},"end":{"line":78,"column":60}},"33":{"start":{"line":81,"column":2},"end":{"line":81,"column":48}},"34":{"start":{"line":85,"column":18},"end":{"line":85,"column":47}},"35":{"start":{"line":86,"column":2},"end":{"line":88,"column":3}},"36":{"start":{"line":87,"column":4},"end":{"line":87,"column":65}},"37":{"start":{"line":89,"column":2},"end":{"line":89,"column":16}},"38":{"start":{"line":93,"column":17},"end":{"line":93,"column":26}},"39":{"start":{"line":94,"column":16},"end":{"line":94,"column":27}},"40":{"start":{"line":95,"column":2},"end":{"line":98,"column":3}},"41":{"start":{"line":96,"column":26},"end":{"line":96,"column":62}}},"fnMap":{"0":{"name":"bootstrapAppData","decl":{"start":{"line":12,"column":15},"end":{"line":12,"column":31}},"loc":{"start":{"line":12,"column":34},"end":{"line":27,"column":1}},"line":12},"1":{"name":"AuthProvider","decl":{"start":{"line":32,"column":9},"end":{"line":32,"column":21}},"loc":{"start":{"line":32,"column":29},"end":{"line":82,"column":1}},"line":32},"2":{"name":"(anonymous_2)","decl":{"start":{"line":45,"column":18},"end":{"line":45,"column":19}},"loc":{"start":{"line":45,"column":24},"end":{"line":48,"column":3}},"line":45},"3":{"name":"(anonymous_3)","decl":{"start":{"line":51,"column":4},"end":{"line":51,"column":5}},"loc":{"start":{"line":51,"column":12},"end":{"line":51,"column":56}},"line":51},"4":{"name":"(anonymous_4)","decl":{"start":{"line":51,"column":34},"end":{"line":51,"column":35}},"loc":{"start":{"line":51,"column":42},"end":{"line":51,"column":55}},"line":51},"5":{"name":"(anonymous_5)","decl":{"start":{"line":55,"column":4},"end":{"line":55,"column":5}},"loc":{"start":{"line":55,"column":12},"end":{"line":55,"column":59}},"line":55},"6":{"name":"(anonymous_6)","decl":{"start":{"line":55,"column":37},"end":{"line":55,"column":38}},"loc":{"start":{"line":55,"column":45},"end":{"line":55,"column":58}},"line":55},"7":{"name":"(anonymous_7)","decl":{"start":{"line":58,"column":35},"end":{"line":58,"column":36}},"loc":{"start":{"line":58,"column":41},"end":{"line":62,"column":3}},"line":58},"8":{"name":"(anonymous_8)","decl":{"start":{"line":65,"column":4},"end":{"line":65,"column":5}},"loc":{"start":{"line":65,"column":11},"end":{"line":65,"column":42}},"line":65},"9":{"name":"useAuth","decl":{"start":{"line":84,"column":9},"end":{"line":84,"column":16}},"loc":{"start":{"line":84,"column":19},"end":{"line":90,"column":1}},"line":84},"10":{"name":"useClient","decl":{"start":{"line":92,"column":9},"end":{"line":92,"column":18}},"loc":{"start":{"line":92,"column":21},"end":{"line":99,"column":1}},"line":92},"11":{"name":"(anonymous_11)","decl":{"start":{"line":96,"column":4},"end":{"line":96,"column":5}},"loc":{"start":{"line":96,"column":26},"end":{"line":96,"column":62}},"line":96}},"branchMap":{"0":{"loc":{"start":{"line":16,"column":2},"end":{"line":25,"column":3}},"type":"if","locations":[{"start":{"line":16,"column":2},"end":{"line":25,"column":3}},{"start":{"line":16,"column":2},"end":{"line":25,"column":3}}],"line":16},"1":{"loc":{"start":{"line":69,"column":2},"end":{"line":71,"column":3}},"type":"if","locations":[{"start":{"line":69,"column":2},"end":{"line":71,"column":3}},{"start":{"line":69,"column":2},"end":{"line":71,"column":3}}],"line":69},"2":{"loc":{"start":{"line":69,"column":6},"end":{"line":69,"column":25}},"type":"binary-expr","locations":[{"start":{"line":69,"column":6},"end":{"line":69,"column":15}},{"start":{"line":69,"column":19},"end":{"line":69,"column":25}}],"line":69},"3":{"loc":{"start":{"line":73,"column":2},"end":{"line":75,"column":3}},"type":"if","locations":[{"start":{"line":73,"column":2},"end":{"line":75,"column":3}},{"start":{"line":73,"column":2},"end":{"line":75,"column":3}}],"line":73},"4":{"loc":{"start":{"line":77,"column":2},"end":{"line":79,"column":3}},"type":"if","locations":[{"start":{"line":77,"column":2},"end":{"line":79,"column":3}},{"start":{"line":77,"column":2},"end":{"line":79,"column":3}}],"line":77},"5":{"loc":{"start":{"line":86,"column":2},"end":{"line":88,"column":3}},"type":"if","locations":[{"start":{"line":86,"column":2},"end":{"line":88,"column":3}},{"start":{"line":86,"column":2},"end":{"line":88,"column":3}}],"line":86}},"s":{"0":14,"1":14,"2":14,"3":14,"4":14,"5":14,"6":11,"7":14,"8":14,"9":2,"10":2,"11":43,"12":42,"13":14,"14":14,"15":42,"16":0,"17":0,"18":42,"19":0,"20":0,"21":42,"22":0,"23":0,"24":0,"25":42,"26":28,"27":42,"28":28,"29":14,"30":0,"31":14,"32":14,"33":0,"34":502,"35":500,"36":0,"37":500,"38":486,"39":486,"40":486,"41":15},"f":{"0":14,"1":43,"2":14,"3":0,"4":0,"5":0,"6":0,"7":0,"8":28,"9":502,"10":486,"11":15},"b":{"0":[14,0],"1":[28,14],"2":[42,28],"3":[0,14],"4":[14,0],"5":[0,500]},"_coverageSchema":"1a1c01bbd47fc00a2c39e90264f33305004495a9","hash":"d1e6ce85765e3b66f5e1de081f82ed60a3431b35"}
,"/home/felipelx/Desktop/workspace/courses/bookshelf/src/context/index.js": {"path":"/home/felipelx/Desktop/workspace/courses/bookshelf/src/context/index.js","statementMap":{"0":{"start":{"line":6,"column":20},"end":{"line":16,"column":1}},"1":{"start":{"line":11,"column":6},"end":{"line":13,"column":23}},"2":{"start":{"line":11,"column":32},"end":{"line":11,"column":44}},"3":{"start":{"line":12,"column":11},"end":{"line":13,"column":23}},"4":{"start":{"line":12,"column":33},"end":{"line":12,"column":44}},"5":{"start":{"line":13,"column":11},"end":{"line":13,"column":23}},"6":{"start":{"line":19,"column":2},"end":{"line":25,"column":3}}},"fnMap":{"0":{"name":"(anonymous_0)","decl":{"start":{"line":10,"column":4},"end":{"line":10,"column":5}},"loc":{"start":{"line":10,"column":31},"end":{"line":14,"column":5}},"line":10},"1":{"name":"AppProviders","decl":{"start":{"line":18,"column":9},"end":{"line":18,"column":21}},"loc":{"start":{"line":18,"column":34},"end":{"line":26,"column":1}},"line":18}},"branchMap":{"0":{"loc":{"start":{"line":11,"column":6},"end":{"line":13,"column":23}},"type":"if","locations":[{"start":{"line":11,"column":6},"end":{"line":13,"column":23}},{"start":{"line":11,"column":6},"end":{"line":13,"column":23}}],"line":11},"1":{"loc":{"start":{"line":12,"column":11},"end":{"line":13,"column":23}},"type":"if","locations":[{"start":{"line":12,"column":11},"end":{"line":13,"column":23}},{"start":{"line":12,"column":11},"end":{"line":13,"column":23}}],"line":12}},"s":{"0":2,"1":1,"2":1,"3":0,"4":0,"5":0,"6":14},"f":{"0":1,"1":14},"b":{"0":[1,0],"1":[0,0]},"_coverageSchema":"1a1c01bbd47fc00a2c39e90264f33305004495a9","hash":"c847f1266f3a7cc021c492fb30a868a7127f8148"}
,"/home/felipelx/Desktop/workspace/courses/bookshelf/src/screens/book.js": {"path":"/home/felipelx/Desktop/workspace/courses/bookshelf/src/screens/book.js","statementMap":{"0":{"start":{"line":20,"column":19},"end":{"line":20,"column":30}},"1":{"start":{"line":21,"column":15},"end":{"line":21,"column":30}},"2":{"start":{"line":22,"column":19},"end":{"line":22,"column":38}},"3":{"start":{"line":24,"column":62},"end":{"line":24,"column":66}},"4":{"start":{"line":26,"column":2},"end":{"line":84,"column":3}},"5":{"start":{"line":88,"column":25},"end":{"line":90,"column":18}},"6":{"start":{"line":92,"column":2},"end":{"line":102,"column":3}},"7":{"start":{"line":106,"column":48},"end":{"line":106,"column":67}},"8":{"start":{"line":108,"column":26},"end":{"line":111,"column":3}},"9":{"start":{"line":109,"column":10},"end":{"line":109,"column":41}},"10":{"start":{"line":114,"column":4},"end":{"line":114,"column":61}},"11":{"start":{"line":117,"column":2},"end":{"line":148,"column":3}}},"fnMap":{"0":{"name":"BookScreen","decl":{"start":{"line":19,"column":9},"end":{"line":19,"column":19}},"loc":{"start":{"line":19,"column":22},"end":{"line":85,"column":1}},"line":19},"1":{"name":"ListItemTimeframe","decl":{"start":{"line":87,"column":9},"end":{"line":87,"column":26}},"loc":{"start":{"line":87,"column":39},"end":{"line":103,"column":1}},"line":87},"2":{"name":"NotesTextarea","decl":{"start":{"line":105,"column":9},"end":{"line":105,"column":22}},"loc":{"start":{"line":105,"column":35},"end":{"line":149,"column":1}},"line":105},"3":{"name":"(anonymous_3)","decl":{"start":{"line":109,"column":4},"end":{"line":109,"column":5}},"loc":{"start":{"line":109,"column":10},"end":{"line":109,"column":41}},"line":109},"4":{"name":"handleNotesChange","decl":{"start":{"line":113,"column":11},"end":{"line":113,"column":28}},"loc":{"start":{"line":113,"column":32},"end":{"line":115,"column":3}},"line":113}},"branchMap":{"0":{"loc":{"start":{"line":66,"column":17},"end":{"line":66,"column":72}},"type":"cond-expr","locations":[{"start":{"line":66,"column":36},"end":{"line":66,"column":40}},{"start":{"line":66,"column":43},"end":{"line":66,"column":72}}],"line":66},"1":{"loc":{"start":{"line":70,"column":15},"end":{"line":70,"column":75}},"type":"cond-expr","locations":[{"start":{"line":70,"column":38},"end":{"line":70,"column":68}},{"start":{"line":70,"column":71},"end":{"line":70,"column":75}}],"line":70},"2":{"loc":{"start":{"line":71,"column":15},"end":{"line":71,"column":74}},"type":"cond-expr","locations":[{"start":{"line":71,"column":26},"end":{"line":71,"column":67}},{"start":{"line":71,"column":70},"end":{"line":71,"column":74}}],"line":71},"3":{"loc":{"start":{"line":79,"column":9},"end":{"line":81,"column":16}},"type":"cond-expr","locations":[{"start":{"line":80,"column":10},"end":{"line":80,"column":47}},{"start":{"line":81,"column":12},"end":{"line":81,"column":16}}],"line":79},"4":{"loc":{"start":{"line":79,"column":9},"end":{"line":79,"column":38}},"type":"binary-expr","locations":[{"start":{"line":79,"column":9},"end":{"line":79,"column":26}},{"start":{"line":79,"column":30},"end":{"line":79,"column":38}}],"line":79},"5":{"loc":{"start":{"line":88,"column":25},"end":{"line":90,"column":18}},"type":"cond-expr","locations":[{"start":{"line":89,"column":6},"end":{"line":89,"column":29}},{"start":{"line":90,"column":6},"end":{"line":90,"column":18}}],"line":88},"6":{"loc":{"start":{"line":98,"column":11},"end":{"line":98,"column":78}},"type":"cond-expr","locations":[{"start":{"line":98,"column":33},"end":{"line":98,"column":71}},{"start":{"line":98,"column":74},"end":{"line":98,"column":78}}],"line":98},"7":{"loc":{"start":{"line":132,"column":9},"end":{"line":138,"column":16}},"type":"cond-expr","locations":[{"start":{"line":133,"column":10},"end":{"line":137,"column":12}},{"start":{"line":138,"column":12},"end":{"line":138,"column":16}}],"line":132},"8":{"loc":{"start":{"line":139,"column":9},"end":{"line":139,"column":39}},"type":"cond-expr","locations":[{"start":{"line":139,"column":21},"end":{"line":139,"column":32}},{"start":{"line":139,"column":35},"end":{"line":139,"column":39}}],"line":139}},"s":{"0":58,"1":57,"2":55,"3":55,"4":55,"5":34,"6":34,"7":38,"8":38,"9":5,"10":36,"11":38},"f":{"0":58,"1":34,"2":38,"3":5,"4":36},"b":{"0":[8,47],"1":[28,27],"2":[34,21],"3":[34,21],"4":[55,47],"5":[28,6],"6":[28,6],"7":[2,36],"8":[12,26]},"_coverageSchema":"1a1c01bbd47fc00a2c39e90264f33305004495a9","hash":"73964352f68139dd8b82ed86d60fcdc7c15c96c4"}
,"/home/felipelx/Desktop/workspace/courses/bookshelf/src/screens/discover.js": {"path":"/home/felipelx/Desktop/workspace/courses/bookshelf/src/screens/discover.js","statementMap":{"0":{"start":{"line":14,"column":28},"end":{"line":14,"column":46}},"1":{"start":{"line":15,"column":32},"end":{"line":15,"column":48}},"2":{"start":{"line":16,"column":56},"end":{"line":16,"column":76}},"3":{"start":{"line":17,"column":33},"end":{"line":17,"column":60}},"4":{"start":{"line":19,"column":2},"end":{"line":21,"column":30}},"5":{"start":{"line":20,"column":4},"end":{"line":20,"column":41}},"6":{"start":{"line":20,"column":17},"end":{"line":20,"column":41}},"7":{"start":{"line":24,"column":4},"end":{"line":24,"column":26}},"8":{"start":{"line":25,"column":4},"end":{"line":25,"column":20}},"9":{"start":{"line":26,"column":4},"end":{"line":26,"column":48}},"10":{"start":{"line":29,"column":2},"end":{"line":116,"column":3}},"11":{"start":{"line":94,"column":16},"end":{"line":96,"column":21}}},"fnMap":{"0":{"name":"DiscoverBooksScreen","decl":{"start":{"line":13,"column":9},"end":{"line":13,"column":28}},"loc":{"start":{"line":13,"column":31},"end":{"line":117,"column":1}},"line":13},"1":{"name":"(anonymous_1)","decl":{"start":{"line":19,"column":18},"end":{"line":19,"column":19}},"loc":{"start":{"line":19,"column":24},"end":{"line":21,"column":3}},"line":19},"2":{"name":"(anonymous_2)","decl":{"start":{"line":20,"column":11},"end":{"line":20,"column":12}},"loc":{"start":{"line":20,"column":17},"end":{"line":20,"column":41}},"line":20},"3":{"name":"handleSearchClick","decl":{"start":{"line":23,"column":11},"end":{"line":23,"column":28}},"loc":{"start":{"line":23,"column":36},"end":{"line":27,"column":3}},"line":23},"4":{"name":"(anonymous_4)","decl":{"start":{"line":93,"column":25},"end":{"line":93,"column":26}},"loc":{"start":{"line":94,"column":16},"end":{"line":96,"column":21}},"line":94}},"branchMap":{"0":{"loc":{"start":{"line":50,"column":17},"end":{"line":56,"column":17}},"type":"cond-expr","locations":[{"start":{"line":51,"column":18},"end":{"line":51,"column":29}},{"start":{"line":52,"column":20},"end":{"line":56,"column":17}}],"line":50},"1":{"loc":{"start":{"line":52,"column":20},"end":{"line":56,"column":17}},"type":"cond-expr","locations":[{"start":{"line":53,"column":18},"end":{"line":53,"column":77}},{"start":{"line":55,"column":18},"end":{"line":55,"column":50}}],"line":52},"2":{"loc":{"start":{"line":62,"column":9},"end":{"line":67,"column":16}},"type":"cond-expr","locations":[{"start":{"line":63,"column":10},"end":{"line":66,"column":16}},{"start":{"line":67,"column":12},"end":{"line":67,"column":16}}],"line":62},"3":{"loc":{"start":{"line":70,"column":9},"end":{"line":86,"column":9}},"type":"cond-expr","locations":[{"start":{"line":70,"column":19},"end":{"line":70,"column":23}},{"start":{"line":71,"column":10},"end":{"line":85,"column":16}}],"line":70},"4":{"loc":{"start":{"line":74,"column":13},"end":{"line":84,"column":20}},"type":"cond-expr","locations":[{"start":{"line":75,"column":14},"end":{"line":77,"column":20}},{"start":{"line":78,"column":16},"end":{"line":84,"column":20}}],"line":74},"5":{"loc":{"start":{"line":78,"column":16},"end":{"line":84,"column":20}},"type":"cond-expr","locations":[{"start":{"line":79,"column":14},"end":{"line":79,"column":76}},{"start":{"line":80,"column":16},"end":{"line":84,"column":20}}],"line":78},"6":{"loc":{"start":{"line":78,"column":16},"end":{"line":78,"column":41}},"type":"binary-expr","locations":[{"start":{"line":78,"column":16},"end":{"line":78,"column":25}},{"start":{"line":78,"column":29},"end":{"line":78,"column":41}}],"line":78},"7":{"loc":{"start":{"line":80,"column":16},"end":{"line":84,"column":20}},"type":"cond-expr","locations":[{"start":{"line":81,"column":14},"end":{"line":83,"column":18}},{"start":{"line":84,"column":16},"end":{"line":84,"column":20}}],"line":80},"8":{"loc":{"start":{"line":80,"column":16},"end":{"line":80,"column":42}},"type":"binary-expr","locations":[{"start":{"line":80,"column":16},"end":{"line":80,"column":25}},{"start":{"line":80,"column":29},"end":{"line":80,"column":42}}],"line":80},"9":{"loc":{"start":{"line":87,"column":9},"end":{"line":113,"column":16}},"type":"cond-expr","locations":[{"start":{"line":88,"column":10},"end":{"line":99,"column":21}},{"start":{"line":100,"column":12},"end":{"line":113,"column":16}}],"line":87},"10":{"loc":{"start":{"line":100,"column":12},"end":{"line":113,"column":16}},"type":"cond-expr","locations":[{"start":{"line":101,"column":10},"end":{"line":112,"column":16}},{"start":{"line":113,"column":12},"end":{"line":113,"column":16}}],"line":100},"11":{"loc":{"start":{"line":102,"column":13},"end":{"line":111,"column":13}},"type":"cond-expr","locations":[{"start":{"line":103,"column":14},"end":{"line":105,"column":20}},{"start":{"line":107,"column":14},"end":{"line":110,"column":18}}],"line":102}},"s":{"0":0,"1":0,"2":0,"3":0,"4":0,"5":0,"6":0,"7":0,"8":0,"9":0,"10":0,"11":0},"f":{"0":0,"1":0,"2":0,"3":0,"4":0},"b":{"0":[0,0],"1":[0,0],"2":[0,0],"3":[0,0],"4":[0,0],"5":[0,0],"6":[0,0],"7":[0,0],"8":[0,0],"9":[0,0],"10":[0,0],"11":[0,0]},"_coverageSchema":"1a1c01bbd47fc00a2c39e90264f33305004495a9","hash":"4107d2f99290639b4d59b2f31ffc5f053dc54cf8"}
,"/home/felipelx/Desktop/workspace/courses/bookshelf/src/screens/finished.js": {"path":"/home/felipelx/Desktop/workspace/courses/bookshelf/src/screens/finished.js","statementMap":{"0":{"start":{"line":6,"column":2},"end":{"line":25,"column":3}},"1":{"start":{"line":8,"column":29},"end":{"line":8,"column":51}}},"fnMap":{"0":{"name":"FinishedScreen","decl":{"start":{"line":5,"column":9},"end":{"line":5,"column":23}},"loc":{"start":{"line":5,"column":26},"end":{"line":26,"column":1}},"line":5},"1":{"name":"(anonymous_1)","decl":{"start":{"line":8,"column":23},"end":{"line":8,"column":24}},"loc":{"start":{"line":8,"column":29},"end":{"line":8,"column":51}},"line":8}},"branchMap":{},"s":{"0":0,"1":0},"f":{"0":0,"1":0},"b":{},"_coverageSchema":"1a1c01bbd47fc00a2c39e90264f33305004495a9","hash":"5f9015ccf3ff664ed0eb0337c99f7b73a312292e"}
,"/home/felipelx/Desktop/workspace/courses/bookshelf/src/screens/not-found.js": {"path":"/home/felipelx/Desktop/workspace/courses/bookshelf/src/screens/not-found.js","statementMap":{"0":{"start":{"line":7,"column":2},"end":{"line":20,"column":3}}},"fnMap":{"0":{"name":"NotFoundScreen","decl":{"start":{"line":6,"column":9},"end":{"line":6,"column":23}},"loc":{"start":{"line":6,"column":26},"end":{"line":21,"column":1}},"line":6}},"branchMap":{},"s":{"0":0},"f":{"0":0},"b":{},"_coverageSchema":"1a1c01bbd47fc00a2c39e90264f33305004495a9","hash":"80604eeb471696afc55e9510e3aa18f4137f6b67"}
,"/home/felipelx/Desktop/workspace/courses/bookshelf/src/screens/reading-list.js": {"path":"/home/felipelx/Desktop/workspace/courses/bookshelf/src/screens/reading-list.js","statementMap":{"0":{"start":{"line":6,"column":2},"end":{"line":24,"column":3}},"1":{"start":{"line":8,"column":29},"end":{"line":8,"column":43}}},"fnMap":{"0":{"name":"ReadingListScreen","decl":{"start":{"line":5,"column":9},"end":{"line":5,"column":26}},"loc":{"start":{"line":5,"column":29},"end":{"line":25,"column":1}},"line":5},"1":{"name":"(anonymous_1)","decl":{"start":{"line":8,"column":23},"end":{"line":8,"column":24}},"loc":{"start":{"line":8,"column":29},"end":{"line":8,"column":43}},"line":8}},"branchMap":{},"s":{"0":0,"1":0},"f":{"0":0,"1":0},"b":{},"_coverageSchema":"1a1c01bbd47fc00a2c39e90264f33305004495a9","hash":"2e532409d4b96119527fc0f19fd99a4784e8e39a"}
,"/home/felipelx/Desktop/workspace/courses/bookshelf/src/styles/colors.js": {"path":"/home/felipelx/Desktop/workspace/courses/bookshelf/src/styles/colors.js","statementMap":{"0":{"start":{"line":1,"column":20},"end":{"line":1,"column":27}},"1":{"start":{"line":2,"column":20},"end":{"line":2,"column":29}},"2":{"start":{"line":3,"column":20},"end":{"line":3,"column":29}},"3":{"start":{"line":4,"column":22},"end":{"line":4,"column":31}},"4":{"start":{"line":5,"column":22},"end":{"line":5,"column":31}},"5":{"start":{"line":6,"column":22},"end":{"line":6,"column":31}},"6":{"start":{"line":7,"column":22},"end":{"line":7,"column":31}},"7":{"start":{"line":8,"column":30},"end":{"line":8,"column":39}},"8":{"start":{"line":9,"column":31},"end":{"line":9,"column":40}},"9":{"start":{"line":10,"column":22},"end":{"line":10,"column":31}},"10":{"start":{"line":11,"column":21},"end":{"line":11,"column":30}},"11":{"start":{"line":12,"column":22},"end":{"line":12,"column":31}},"12":{"start":{"line":13,"column":22},"end":{"line":13,"column":30}}},"fnMap":{},"branchMap":{},"s":{"0":3,"1":3,"2":3,"3":3,"4":3,"5":3,"6":3,"7":3,"8":3,"9":3,"10":3,"11":3,"12":3},"f":{},"b":{},"_coverageSchema":"1a1c01bbd47fc00a2c39e90264f33305004495a9","hash":"b44606dabab074e769165b58acc14406a41213be"}
,"/home/felipelx/Desktop/workspace/courses/bookshelf/src/styles/media-queries.js": {"path":"/home/felipelx/Desktop/workspace/courses/bookshelf/src/styles/media-queries.js","statementMap":{"0":{"start":{"line":1,"column":21},"end":{"line":1,"column":49}},"1":{"start":{"line":2,"column":22},"end":{"line":2,"column":73}},"2":{"start":{"line":3,"column":21},"end":{"line":3,"column":48}}},"fnMap":{},"branchMap":{},"s":{"0":3,"1":3,"2":3},"f":{},"b":{},"_coverageSchema":"1a1c01bbd47fc00a2c39e90264f33305004495a9","hash":"94f0e6f870bce8f38a9e0a550ce3fde892db87c8"}
,"/home/felipelx/Desktop/workspace/courses/bookshelf/src/utils/api-client.js": {"path":"/home/felipelx/Desktop/workspace/courses/bookshelf/src/utils/api-client.js","statementMap":{"0":{"start":{"line":3,"column":15},"end":{"line":3,"column":44}},"1":{"start":{"line":9,"column":17},"end":{"line":18,"column":3}},"2":{"start":{"line":20,"column":2},"end":{"line":34,"column":4}},"3":{"start":{"line":21,"column":4},"end":{"line":27,"column":5}},"4":{"start":{"line":22,"column":6},"end":{"line":22,"column":24}},"5":{"start":{"line":23,"column":6},"end":{"line":23,"column":25}},"6":{"start":{"line":25,"column":6},"end":{"line":25,"column":45}},"7":{"start":{"line":26,"column":6},"end":{"line":26,"column":65}},"8":{"start":{"line":28,"column":17},"end":{"line":28,"column":38}},"9":{"start":{"line":29,"column":4},"end":{"line":33,"column":5}},"10":{"start":{"line":30,"column":6},"end":{"line":30,"column":17}},"11":{"start":{"line":32,"column":6},"end":{"line":32,"column":33}}},"fnMap":{"0":{"name":"client","decl":{"start":{"line":5,"column":15},"end":{"line":5,"column":21}},"loc":{"start":{"line":8,"column":2},"end":{"line":35,"column":1}},"line":8},"1":{"name":"(anonymous_1)","decl":{"start":{"line":20,"column":60},"end":{"line":20,"column":61}},"loc":{"start":{"line":20,"column":78},"end":{"line":34,"column":3}},"line":20}},"branchMap":{"0":{"loc":{"start":{"line":7,"column":2},"end":{"line":7,"column":61}},"type":"default-arg","locations":[{"start":{"line":7,"column":59},"end":{"line":7,"column":61}}],"line":7},"1":{"loc":{"start":{"line":10,"column":12},"end":{"line":10,"column":33}},"type":"cond-expr","locations":[{"start":{"line":10,"column":19},"end":{"line":10,"column":25}},{"start":{"line":10,"column":28},"end":{"line":10,"column":33}}],"line":10},"2":{"loc":{"start":{"line":11,"column":10},"end":{"line":11,"column":49}},"type":"cond-expr","locations":[{"start":{"line":11,"column":17},"end":{"line":11,"column":37}},{"start":{"line":11,"column":40},"end":{"line":11,"column":49}}],"line":11},"3":{"loc":{"start":{"line":13,"column":21},"end":{"line":13,"column":58}},"type":"cond-expr","locations":[{"start":{"line":13,"column":29},"end":{"line":13,"column":46}},{"start":{"line":13,"column":49},"end":{"line":13,"column":58}}],"line":13},"4":{"loc":{"start":{"line":14,"column":22},"end":{"line":14,"column":59}},"type":"cond-expr","locations":[{"start":{"line":14,"column":29},"end":{"line":14,"column":47}},{"start":{"line":14,"column":50},"end":{"line":14,"column":59}}],"line":14},"5":{"loc":{"start":{"line":21,"column":4},"end":{"line":27,"column":5}},"type":"if","locations":[{"start":{"line":21,"column":4},"end":{"line":27,"column":5}},{"start":{"line":21,"column":4},"end":{"line":27,"column":5}}],"line":21},"6":{"loc":{"start":{"line":29,"column":4},"end":{"line":33,"column":5}},"type":"if","locations":[{"start":{"line":29,"column":4},"end":{"line":33,"column":5}},{"start":{"line":29,"column":4},"end":{"line":33,"column":5}}],"line":29}},"s":{"0":3,"1":35,"2":35,"3":35,"4":1,"5":1,"6":1,"7":1,"8":34,"9":34,"10":31,"11":3},"f":{"0":35,"1":35},"b":{"0":[3],"1":[6,29],"2":[6,29],"3":[30,5],"4":[6,29],"5":[1,34],"6":[31,3]},"_coverageSchema":"1a1c01bbd47fc00a2c39e90264f33305004495a9","hash":"37d3093e59651c55b5879f157bcba8caf9ea5914"}
,"/home/felipelx/Desktop/workspace/courses/bookshelf/src/utils/books.js": {"path":"/home/felipelx/Desktop/workspace/courses/bookshelf/src/utils/books.js","statementMap":{"0":{"start":{"line":6,"column":20},"end":{"line":13,"column":1}},"1":{"start":{"line":15,"column":21},"end":{"line":18,"column":3}},"2":{"start":{"line":15,"column":61},"end":{"line":18,"column":1}},"3":{"start":{"line":20,"column":24},"end":{"line":23,"column":1}},"4":{"start":{"line":25,"column":28},"end":{"line":40,"column":2}},"5":{"start":{"line":25,"column":48},"end":{"line":40,"column":1}},"6":{"start":{"line":28,"column":4},"end":{"line":28,"column":79}},"7":{"start":{"line":28,"column":68},"end":{"line":28,"column":78}},"8":{"start":{"line":31,"column":6},"end":{"line":37,"column":7}},"9":{"start":{"line":32,"column":8},"end":{"line":36,"column":9}},"10":{"start":{"line":43,"column":17},"end":{"line":43,"column":28}},"11":{"start":{"line":44,"column":17},"end":{"line":44,"column":61}},"12":{"start":{"line":45,"column":2},"end":{"line":45,"column":56}},"13":{"start":{"line":49,"column":17},"end":{"line":49,"column":28}},"14":{"start":{"line":50,"column":17},"end":{"line":54,"column":4}},"15":{"start":{"line":52,"column":19},"end":{"line":52,"column":68}},"16":{"start":{"line":52,"column":58},"end":{"line":52,"column":67}},"17":{"start":{"line":55,"column":2},"end":{"line":55,"column":28}},"18":{"start":{"line":59,"column":17},"end":{"line":59,"column":28}},"19":{"start":{"line":60,"column":2},"end":{"line":66,"column":3}},"20":{"start":{"line":62,"column":6},"end":{"line":62,"column":44}},"21":{"start":{"line":63,"column":6},"end":{"line":63,"column":69}},"22":{"start":{"line":70,"column":2},"end":{"line":70,"column":77}}},"fnMap":{"0":{"name":"(anonymous_0)","decl":{"start":{"line":15,"column":46},"end":{"line":15,"column":47}},"loc":{"start":{"line":15,"column":61},"end":{"line":18,"column":1}},"line":15},"1":{"name":"(anonymous_1)","decl":{"start":{"line":25,"column":28},"end":{"line":25,"column":29}},"loc":{"start":{"line":25,"column":48},"end":{"line":40,"column":1}},"line":25},"2":{"name":"(anonymous_2)","decl":{"start":{"line":27,"column":11},"end":{"line":27,"column":12}},"loc":{"start":{"line":28,"column":4},"end":{"line":28,"column":79}},"line":28},"3":{"name":"(anonymous_3)","decl":{"start":{"line":28,"column":60},"end":{"line":28,"column":61}},"loc":{"start":{"line":28,"column":68},"end":{"line":28,"column":78}},"line":28},"4":{"name":"(anonymous_4)","decl":{"start":{"line":30,"column":4},"end":{"line":30,"column":5}},"loc":{"start":{"line":30,"column":21},"end":{"line":38,"column":5}},"line":30},"5":{"name":"useBookSearch","decl":{"start":{"line":42,"column":9},"end":{"line":42,"column":22}},"loc":{"start":{"line":42,"column":30},"end":{"line":46,"column":1}},"line":42},"6":{"name":"useBook","decl":{"start":{"line":48,"column":9},"end":{"line":48,"column":16}},"loc":{"start":{"line":48,"column":25},"end":{"line":56,"column":1}},"line":48},"7":{"name":"(anonymous_7)","decl":{"start":{"line":52,"column":13},"end":{"line":52,"column":14}},"loc":{"start":{"line":52,"column":19},"end":{"line":52,"column":68}},"line":52},"8":{"name":"(anonymous_8)","decl":{"start":{"line":52,"column":50},"end":{"line":52,"column":51}},"loc":{"start":{"line":52,"column":58},"end":{"line":52,"column":67}},"line":52},"9":{"name":"useRefetchBookSearchQuery","decl":{"start":{"line":58,"column":9},"end":{"line":58,"column":34}},"loc":{"start":{"line":58,"column":37},"end":{"line":67,"column":1}},"line":58},"10":{"name":"refetchBookSearchQuery","decl":{"start":{"line":61,"column":19},"end":{"line":61,"column":41}},"loc":{"start":{"line":61,"column":44},"end":{"line":64,"column":5}},"line":61},"11":{"name":"setQueryDataForBook","decl":{"start":{"line":69,"column":9},"end":{"line":69,"column":28}},"loc":{"start":{"line":69,"column":35},"end":{"line":71,"column":1}},"line":69}},"branchMap":{"0":{"loc":{"start":{"line":45,"column":28},"end":{"line":45,"column":55}},"type":"binary-expr","locations":[{"start":{"line":45,"column":28},"end":{"line":45,"column":39}},{"start":{"line":45,"column":43},"end":{"line":45,"column":55}}],"line":45},"1":{"loc":{"start":{"line":55,"column":9},"end":{"line":55,"column":28}},"type":"binary-expr","locations":[{"start":{"line":55,"column":9},"end":{"line":55,"column":13}},{"start":{"line":55,"column":17},"end":{"line":55,"column":28}}],"line":55}},"s":{"0":2,"1":2,"2":20,"3":2,"4":2,"5":0,"6":0,"7":0,"8":0,"9":0,"10":0,"11":0,"12":0,"13":57,"14":57,"15":3,"16":2,"17":55,"18":0,"19":0,"20":0,"21":0,"22":19},"f":{"0":20,"1":0,"2":0,"3":0,"4":0,"5":0,"6":57,"7":3,"8":2,"9":0,"10":0,"11":19},"b":{"0":[0,0],"1":[55,8]},"_coverageSchema":"1a1c01bbd47fc00a2c39e90264f33305004495a9","hash":"ef3e3f51afb53282229472be564a58670359ec42"}
,"/home/felipelx/Desktop/workspace/courses/bookshelf/src/utils/hooks.js": {"path":"/home/felipelx/Desktop/workspace/courses/bookshelf/src/utils/hooks.js","statementMap":{"0":{"start":{"line":4,"column":18},"end":{"line":4,"column":37}},"1":{"start":{"line":5,"column":2},"end":{"line":8,"column":8}},"2":{"start":{"line":6,"column":4},"end":{"line":6,"column":26}},"3":{"start":{"line":7,"column":4},"end":{"line":7,"column":42}},"4":{"start":{"line":7,"column":18},"end":{"line":7,"column":41}},"5":{"start":{"line":9,"column":2},"end":{"line":12,"column":3}},"6":{"start":{"line":10,"column":18},"end":{"line":10,"column":62}},"7":{"start":{"line":20,"column":28},"end":{"line":20,"column":69}},"8":{"start":{"line":22,"column":26},"end":{"line":25,"column":4}},"9":{"start":{"line":26,"column":44},"end":{"line":29,"column":3}},"10":{"start":{"line":27,"column":15},"end":{"line":27,"column":27}},"11":{"start":{"line":31,"column":23},"end":{"line":31,"column":48}},"12":{"start":{"line":33,"column":18},"end":{"line":36,"column":3}},"13":{"start":{"line":34,"column":12},"end":{"line":34,"column":52}},"14":{"start":{"line":37,"column":19},"end":{"line":40,"column":3}},"15":{"start":{"line":38,"column":13},"end":{"line":38,"column":54}},"16":{"start":{"line":41,"column":16},"end":{"line":44,"column":3}},"17":{"start":{"line":42,"column":10},"end":{"line":42,"column":47}},"18":{"start":{"line":46,"column":14},"end":{"line":66,"column":3}},"19":{"start":{"line":48,"column":6},"end":{"line":52,"column":7}},"20":{"start":{"line":49,"column":8},"end":{"line":51,"column":9}},"21":{"start":{"line":53,"column":6},"end":{"line":53,"column":39}},"22":{"start":{"line":54,"column":6},"end":{"line":63,"column":7}},"23":{"start":{"line":56,"column":10},"end":{"line":56,"column":23}},"24":{"start":{"line":57,"column":10},"end":{"line":57,"column":21}},"25":{"start":{"line":60,"column":10},"end":{"line":60,"column":25}},"26":{"start":{"line":61,"column":10},"end":{"line":61,"column":38}},"27":{"start":{"line":68,"column":2},"end":{"line":82,"column":3}}},"fnMap":{"0":{"name":"useSafeDispatch","decl":{"start":{"line":3,"column":9},"end":{"line":3,"column":24}},"loc":{"start":{"line":3,"column":35},"end":{"line":13,"column":1}},"line":3},"1":{"name":"(anonymous_1)","decl":{"start":{"line":5,"column":24},"end":{"line":5,"column":25}},"loc":{"start":{"line":5,"column":30},"end":{"line":8,"column":3}},"line":5},"2":{"name":"(anonymous_2)","decl":{"start":{"line":7,"column":11},"end":{"line":7,"column":12}},"loc":{"start":{"line":7,"column":18},"end":{"line":7,"column":41}},"line":7},"3":{"name":"(anonymous_3)","decl":{"start":{"line":10,"column":4},"end":{"line":10,"column":5}},"loc":{"start":{"line":10,"column":18},"end":{"line":10,"column":62}},"line":10},"4":{"name":"useAsync","decl":{"start":{"line":21,"column":9},"end":{"line":21,"column":17}},"loc":{"start":{"line":21,"column":32},"end":{"line":83,"column":1}},"line":21},"5":{"name":"(anonymous_5)","decl":{"start":{"line":27,"column":4},"end":{"line":27,"column":5}},"loc":{"start":{"line":27,"column":15},"end":{"line":27,"column":27}},"line":27},"6":{"name":"(anonymous_6)","decl":{"start":{"line":34,"column":4},"end":{"line":34,"column":5}},"loc":{"start":{"line":34,"column":12},"end":{"line":34,"column":52}},"line":34},"7":{"name":"(anonymous_7)","decl":{"start":{"line":38,"column":4},"end":{"line":38,"column":5}},"loc":{"start":{"line":38,"column":13},"end":{"line":38,"column":54}},"line":38},"8":{"name":"(anonymous_8)","decl":{"start":{"line":42,"column":4},"end":{"line":42,"column":5}},"loc":{"start":{"line":42,"column":10},"end":{"line":42,"column":47}},"line":42},"9":{"name":"(anonymous_9)","decl":{"start":{"line":47,"column":4},"end":{"line":47,"column":5}},"loc":{"start":{"line":47,"column":15},"end":{"line":64,"column":5}},"line":47},"10":{"name":"(anonymous_10)","decl":{"start":{"line":55,"column":8},"end":{"line":55,"column":9}},"loc":{"start":{"line":55,"column":16},"end":{"line":58,"column":9}},"line":55},"11":{"name":"(anonymous_11)","decl":{"start":{"line":59,"column":8},"end":{"line":59,"column":9}},"loc":{"start":{"line":59,"column":17},"end":{"line":62,"column":9}},"line":59}},"branchMap":{"0":{"loc":{"start":{"line":10,"column":18},"end":{"line":10,"column":62}},"type":"cond-expr","locations":[{"start":{"line":10,"column":36},"end":{"line":10,"column":53}},{"start":{"line":10,"column":56},"end":{"line":10,"column":62}}],"line":10},"1":{"loc":{"start":{"line":48,"column":6},"end":{"line":52,"column":7}},"type":"if","locations":[{"start":{"line":48,"column":6},"end":{"line":52,"column":7}},{"start":{"line":48,"column":6},"end":{"line":52,"column":7}}],"line":48},"2":{"loc":{"start":{"line":48,"column":10},"end":{"line":48,"column":35}},"type":"binary-expr","locations":[{"start":{"line":48,"column":10},"end":{"line":48,"column":18}},{"start":{"line":48,"column":22},"end":{"line":48,"column":35}}],"line":48}},"s":{"0":187,"1":187,"2":32,"3":32,"4":32,"5":187,"6":43,"7":3,"8":188,"9":187,"10":67,"11":187,"12":187,"13":20,"14":187,"15":2,"16":187,"17":1,"18":187,"19":21,"20":1,"21":20,"22":20,"23":19,"24":19,"25":1,"26":1,"27":187},"f":{"0":187,"1":32,"2":32,"3":43,"4":188,"5":67,"6":20,"7":2,"8":1,"9":21,"10":19,"11":1},"b":{"0":[42,1],"1":[1,20],"2":[21,20]},"_coverageSchema":"1a1c01bbd47fc00a2c39e90264f33305004495a9","hash":"8633d4e4ef5cd83dcfe2b37ceb81982698f7c2ec"}
,"/home/felipelx/Desktop/workspace/courses/bookshelf/src/utils/list-items.js": {"path":"/home/felipelx/Desktop/workspace/courses/bookshelf/src/utils/list-items.js","statementMap":{"0":{"start":{"line":6,"column":20},"end":{"line":6,"column":41}},"1":{"start":{"line":7,"column":2},"end":{"line":7,"column":60}},"2":{"start":{"line":7,"column":31},"end":{"line":7,"column":51}},"3":{"start":{"line":11,"column":17},"end":{"line":11,"column":28}},"4":{"start":{"line":13,"column":28},"end":{"line":26,"column":4}},"5":{"start":{"line":15,"column":19},"end":{"line":15,"column":68}},"6":{"start":{"line":15,"column":53},"end":{"line":15,"column":67}},"7":{"start":{"line":20,"column":8},"end":{"line":20,"column":52}},"8":{"start":{"line":21,"column":8},"end":{"line":23,"column":9}},"9":{"start":{"line":22,"column":10},"end":{"line":22,"column":44}},"10":{"start":{"line":27,"column":2},"end":{"line":27,"column":24}},"11":{"start":{"line":30,"column":31},"end":{"line":34,"column":1}},"12":{"start":{"line":32,"column":4},"end":{"line":32,"column":52}},"13":{"start":{"line":33,"column":19},"end":{"line":33,"column":61}},"14":{"start":{"line":37,"column":24},"end":{"line":37,"column":61}},"15":{"start":{"line":39,"column":2},"end":{"line":43,"column":4}},"16":{"start":{"line":40,"column":4},"end":{"line":42,"column":6}},"17":{"start":{"line":41,"column":6},"end":{"line":41,"column":66}},"18":{"start":{"line":45,"column":2},"end":{"line":45,"column":67}},"19":{"start":{"line":45,"column":15},"end":{"line":45,"column":67}},"20":{"start":{"line":49,"column":17},"end":{"line":49,"column":28}},"21":{"start":{"line":51,"column":2},"end":{"line":62,"column":3}},"22":{"start":{"line":53,"column":6},"end":{"line":56,"column":8}},"23":{"start":{"line":66,"column":17},"end":{"line":66,"column":28}},"24":{"start":{"line":68,"column":2},"end":{"line":80,"column":4}},"25":{"start":{"line":68,"column":31},"end":{"line":68,"column":77}},"26":{"start":{"line":70,"column":28},"end":{"line":70,"column":65}},"27":{"start":{"line":72,"column":6},"end":{"line":74,"column":8}},"28":{"start":{"line":73,"column":8},"end":{"line":73,"column":61}},"29":{"start":{"line":73,"column":34},"end":{"line":73,"column":60}},"30":{"start":{"line":76,"column":6},"end":{"line":76,"column":71}},"31":{"start":{"line":76,"column":19},"end":{"line":76,"column":71}},"32":{"start":{"line":84,"column":17},"end":{"line":84,"column":28}},"33":{"start":{"line":86,"column":2},"end":{"line":89,"column":4}},"34":{"start":{"line":86,"column":35},"end":{"line":86,"column":73}}},"fnMap":{"0":{"name":"useListItem","decl":{"start":{"line":5,"column":9},"end":{"line":5,"column":20}},"loc":{"start":{"line":5,"column":38},"end":{"line":8,"column":1}},"line":5},"1":{"name":"(anonymous_1)","decl":{"start":{"line":7,"column":25},"end":{"line":7,"column":26}},"loc":{"start":{"line":7,"column":31},"end":{"line":7,"column":51}},"line":7},"2":{"name":"useListItems","decl":{"start":{"line":10,"column":9},"end":{"line":10,"column":21}},"loc":{"start":{"line":10,"column":36},"end":{"line":28,"column":1}},"line":10},"3":{"name":"(anonymous_3)","decl":{"start":{"line":15,"column":13},"end":{"line":15,"column":14}},"loc":{"start":{"line":15,"column":19},"end":{"line":15,"column":68}},"line":15},"4":{"name":"(anonymous_4)","decl":{"start":{"line":15,"column":45},"end":{"line":15,"column":46}},"loc":{"start":{"line":15,"column":53},"end":{"line":15,"column":67}},"line":15},"5":{"name":"(anonymous_5)","decl":{"start":{"line":19,"column":17},"end":{"line":19,"column":18}},"loc":{"start":{"line":19,"column":36},"end":{"line":24,"column":7}},"line":19},"6":{"name":"(anonymous_6)","decl":{"start":{"line":31,"column":11},"end":{"line":31,"column":12}},"loc":{"start":{"line":32,"column":4},"end":{"line":32,"column":52}},"line":32},"7":{"name":"(anonymous_7)","decl":{"start":{"line":33,"column":13},"end":{"line":33,"column":14}},"loc":{"start":{"line":33,"column":19},"end":{"line":33,"column":61}},"line":33},"8":{"name":"onUpdateMutation","decl":{"start":{"line":36,"column":9},"end":{"line":36,"column":25}},"loc":{"start":{"line":36,"column":35},"end":{"line":46,"column":1}},"line":36},"9":{"name":"(anonymous_9)","decl":{"start":{"line":39,"column":40},"end":{"line":39,"column":41}},"loc":{"start":{"line":39,"column":47},"end":{"line":43,"column":3}},"line":39},"10":{"name":"(anonymous_10)","decl":{"start":{"line":40,"column":19},"end":{"line":40,"column":20}},"loc":{"start":{"line":40,"column":27},"end":{"line":42,"column":5}},"line":40},"11":{"name":"(anonymous_11)","decl":{"start":{"line":45,"column":9},"end":{"line":45,"column":10}},"loc":{"start":{"line":45,"column":15},"end":{"line":45,"column":67}},"line":45},"12":{"name":"useUpdateListItem","decl":{"start":{"line":48,"column":9},"end":{"line":48,"column":26}},"loc":{"start":{"line":48,"column":36},"end":{"line":63,"column":1}},"line":48},"13":{"name":"(anonymous_13)","decl":{"start":{"line":52,"column":4},"end":{"line":52,"column":5}},"loc":{"start":{"line":53,"column":6},"end":{"line":56,"column":8}},"line":53},"14":{"name":"useRemoveListItem","decl":{"start":{"line":65,"column":9},"end":{"line":65,"column":26}},"loc":{"start":{"line":65,"column":36},"end":{"line":81,"column":1}},"line":65},"15":{"name":"(anonymous_15)","decl":{"start":{"line":68,"column":21},"end":{"line":68,"column":22}},"loc":{"start":{"line":68,"column":31},"end":{"line":68,"column":77}},"line":68},"16":{"name":"(anonymous_16)","decl":{"start":{"line":69,"column":14},"end":{"line":69,"column":15}},"loc":{"start":{"line":69,"column":29},"end":{"line":77,"column":5}},"line":69},"17":{"name":"(anonymous_17)","decl":{"start":{"line":72,"column":44},"end":{"line":72,"column":45}},"loc":{"start":{"line":72,"column":51},"end":{"line":74,"column":7}},"line":72},"18":{"name":"(anonymous_18)","decl":{"start":{"line":73,"column":26},"end":{"line":73,"column":27}},"loc":{"start":{"line":73,"column":34},"end":{"line":73,"column":60}},"line":73},"19":{"name":"(anonymous_19)","decl":{"start":{"line":76,"column":13},"end":{"line":76,"column":14}},"loc":{"start":{"line":76,"column":19},"end":{"line":76,"column":71}},"line":76},"20":{"name":"useCreateListItem","decl":{"start":{"line":83,"column":9},"end":{"line":83,"column":26}},"loc":{"start":{"line":83,"column":36},"end":{"line":90,"column":1}},"line":83},"21":{"name":"(anonymous_21)","decl":{"start":{"line":86,"column":21},"end":{"line":86,"column":22}},"loc":{"start":{"line":86,"column":35},"end":{"line":86,"column":73}},"line":86}},"branchMap":{"0":{"loc":{"start":{"line":7,"column":9},"end":{"line":7,"column":60}},"type":"binary-expr","locations":[{"start":{"line":7,"column":9},"end":{"line":7,"column":52}},{"start":{"line":7,"column":56},"end":{"line":7,"column":60}}],"line":7},"1":{"loc":{"start":{"line":10,"column":22},"end":{"line":10,"column":34}},"type":"default-arg","locations":[{"start":{"line":10,"column":32},"end":{"line":10,"column":34}}],"line":10},"2":{"loc":{"start":{"line":27,"column":9},"end":{"line":27,"column":24}},"type":"binary-expr","locations":[{"start":{"line":27,"column":9},"end":{"line":27,"column":18}},{"start":{"line":27,"column":22},"end":{"line":27,"column":24}}],"line":27},"3":{"loc":{"start":{"line":32,"column":4},"end":{"line":32,"column":52}},"type":"cond-expr","locations":[{"start":{"line":32,"column":36},"end":{"line":32,"column":45}},{"start":{"line":32,"column":48},"end":{"line":32,"column":52}}],"line":32},"4":{"loc":{"start":{"line":41,"column":13},"end":{"line":41,"column":66}},"type":"cond-expr","locations":[{"start":{"line":41,"column":38},"end":{"line":41,"column":59}},{"start":{"line":41,"column":62},"end":{"line":41,"column":66}}],"line":41}},"s":{"0":130,"1":130,"2":86,"3":130,"4":130,"5":6,"6":6,"7":12,"8":12,"9":8,"10":130,"11":2,"12":1,"13":6,"14":4,"15":4,"16":4,"17":4,"18":4,"19":1,"20":149,"21":149,"22":4,"23":75,"24":75,"25":1,"26":1,"27":1,"28":1,"29":1,"30":1,"31":0,"32":75,"33":75,"34":1},"f":{"0":130,"1":86,"2":130,"3":6,"4":6,"5":12,"6":1,"7":6,"8":4,"9":4,"10":4,"11":1,"12":149,"13":4,"14":75,"15":1,"16":1,"17":1,"18":1,"19":0,"20":75,"21":1},"b":{"0":[130,44],"1":[130],"2":[130,0],"3":[1,0],"4":[4,0]},"_coverageSchema":"1a1c01bbd47fc00a2c39e90264f33305004495a9","hash":"e351c40459d00f1783a5f86c1dc964b8b59c95c6"}
,"/home/felipelx/Desktop/workspace/courses/bookshelf/src/utils/misc.js": {"path":"/home/felipelx/Desktop/workspace/courses/bookshelf/src/utils/misc.js","statementMap":{"0":{"start":{"line":1,"column":19},"end":{"line":4,"column":3}},"1":{"start":{"line":2,"column":2},"end":{"line":4,"column":3}}},"fnMap":{"0":{"name":"(anonymous_0)","decl":{"start":{"line":1,"column":19},"end":{"line":1,"column":20}},"loc":{"start":{"line":2,"column":2},"end":{"line":4,"column":3}},"line":2}},"branchMap":{},"s":{"0":2,"1":66},"f":{"0":66},"b":{},"_coverageSchema":"1a1c01bbd47fc00a2c39e90264f33305004495a9","hash":"d45abbd9988045d81062573fce516842a512cde6"}
}
