TN:
SF:src/app.js
FN:5,(anonymous_0)
FN:8,(anonymous_1)
FN:10,App
FNF:3
FNH:2
FNDA:1,(anonymous_0)
FNDA:0,(anonymous_1)
FNDA:8,App
DA:5,1
DA:6,1
DA:8,1
DA:11,8
DA:12,7
LF:5
LH:5
BRDA:14,0,0,7
BRDA:14,0,1,0
BRF:2
BRH:1
end_of_record
TN:
SF:src/auth-provider.js
FN:6,getToken
FN:13,handleUserResponse
FN:18,login
FN:22,register
FN:26,logout
FN:34,client
FN:41,(anonymous_6)
FNF:7
FNH:2
FNDA:14,getToken
FNDA:0,handleUserResponse
FNDA:0,login
FNDA:0,register
FNDA:29,logout
FNDA:0,client
FNDA:0,(anonymous_6)
DA:4,7
DA:10,14
DA:14,0
DA:15,0
DA:19,0
DA:23,0
DA:27,29
DA:32,7
DA:35,0
DA:41,0
DA:42,0
DA:43,0
DA:44,0
DA:46,0
LF:14
LH:4
BRDA:43,0,0,0
BRDA:43,0,1,0
BRF:2
BRH:0
end_of_record
TN:
SF:src/authenticated-app.js
FN:16,ErrorFallback
FN:31,AuthenticatedApp
FN:78,NavLink
FN:113,Nav
FN:148,AppRoutes
FNF:5
FNH:5
FNDA:1,ErrorFallback
FNDA:8,AuthenticatedApp
FNDA:21,NavLink
FNDA:7,Nav
FNDA:8,AppRoutes
DA:17,1
DA:32,8
DA:33,7
DA:79,21
DA:80,21
DA:114,7
DA:149,8
LF:7
LH:7
BRDA:98,0,0,0
BRDA:98,0,1,21
BRF:2
BRH:1
end_of_record
TN:
SF:src/bootstrap.js
FNF:0
FNH:0
LF:0
LH:0
BRF:0
BRH:0
end_of_record
TN:
SF:src/index.js
FN:9,(anonymous_0)
FNF:1
FNH:0
FNDA:0,(anonymous_0)
DA:9,0
DA:10,0
LF:2
LH:0
BRF:0
BRH:0
end_of_record
TN:
SF:src/unauthenticated-app.js
FN:11,LoginForm
FN:13,handleSubmit
FN:62,UnauthenticatedApp
FNF:3
FNH:0
FNDA:0,LoginForm
FNDA:0,handleSubmit
FNDA:0,UnauthenticatedApp
DA:12,0
DA:14,0
DA:15,0
DA:17,0
DA:25,0
DA:63,0
DA:64,0
LF:7
LH:0
BRDA:51,0,0,0
BRDA:51,0,1,0
BRDA:54,1,0,0
BRDA:54,1,1,0
BRDA:57,2,0,0
BRDA:57,2,1,0
BRF:6
BRH:0
end_of_record
TN:
SF:src/components/book-row.js
FN:11,BookRow
FNF:1
FNH:0
FNDA:0,BookRow
DA:12,0
DA:13,0
DA:15,0
DA:17,0
LF:4
LH:0
BRDA:73,0,0,0
BRDA:73,0,1,0
BRF:2
BRH:0
end_of_record
TN:
SF:src/components/lib.js
FN:64,(anonymous_0)
FN:93,FullPageSpinner
FN:123,ErrorMessage
FN:143,FullPageErrorFallback
FNF:4
FNH:3
FNDA:7,(anonymous_0)
FNDA:29,FullPageSpinner
FNDA:3,ErrorMessage
FNDA:0,FullPageErrorFallback
DA:12,3
DA:17,3
DA:32,3
DA:40,3
DA:43,3
DA:47,3
DA:57,3
DA:64,7
DA:67,3
DA:73,3
DA:74,3
DA:76,3
DA:88,3
DA:94,29
DA:110,3
DA:118,3
DA:124,3
DA:144,0
LF:18
LH:17
BRDA:64,0,0,0
BRDA:123,1,0,1
BRF:2
BRH:1
end_of_record
TN:
SF:src/components/list-item-list.js
FN:9,ListItemList
FN:31,(anonymous_1)
FNF:2
FNH:0
FNDA:0,ListItemList
FNDA:0,(anonymous_1)
DA:10,0
DA:12,0
DA:14,0
DA:15,0
DA:17,0
DA:18,0
DA:25,0
DA:32,0
LF:8
LH:0
BRDA:14,0,0,0
BRDA:14,0,1,0
BRDA:17,1,0,0
BRDA:17,1,1,0
BRF:4
BRH:0
end_of_record
TN:
SF:src/components/logo.js
FN:3,(anonymous_0)
FNF:1
FNH:0
FNDA:0,(anonymous_0)
DA:3,0
DA:4,0
LF:2
LH:0
BRDA:3,0,0,0
BRDA:3,1,0,0
BRF:2
BRH:0
end_of_record
TN:
SF:src/components/modal.js
FN:9,(anonymous_0)
FN:10,(anonymous_1)
FN:11,(anonymous_2)
FN:15,Modal
FN:21,ModalDismissButton
FN:24,(anonymous_5)
FN:28,ModalOpenButton
FN:31,(anonymous_7)
FN:35,ModalContentsBase
FN:38,(anonymous_9)
FN:42,ModalContents
FNF:11
FNH:10
FNDA:4,(anonymous_0)
FNDA:2,(anonymous_1)
FNDA:4,(anonymous_2)
FNDA:3,Modal
FNDA:1,ModalDismissButton
FNDA:1,(anonymous_5)
FNDA:3,ModalOpenButton
FNDA:1,(anonymous_7)
FNDA:3,ModalContentsBase
FNDA:0,(anonymous_9)
FNDA:1,ModalContents
DA:9,1
DA:10,4
DA:11,4
DA:13,1
DA:16,3
DA:18,3
DA:22,1
DA:23,1
DA:24,1
DA:29,3
DA:30,3
DA:31,1
DA:36,3
DA:37,3
DA:38,0
DA:43,1
LF:16
LH:15
BRDA:11,0,0,4
BRDA:11,0,1,2
BRF:2
BRH:2
end_of_record
TN:
SF:src/components/profiler.js
FN:8,sendProfileQueue
FN:20,Profiler
FN:21,reportProfile
FNF:3
FNH:0
FNDA:0,sendProfileQueue
FNDA:0,Profiler
FNDA:0,reportProfile
DA:4,0
DA:6,0
DA:9,0
DA:10,0
DA:12,0
DA:13,0
DA:14,0
DA:30,0
DA:31,0
DA:43,0
LF:10
LH:0
BRDA:9,0,0,0
BRDA:9,0,1,0
BRDA:30,1,0,0
BRDA:30,1,1,0
BRDA:30,2,0,0
BRDA:30,2,1,0
BRF:6
BRH:0
end_of_record
TN:
SF:src/components/rating.js
FN:21,Rating
FN:26,(anonymous_1)
FN:27,handleKeyDown
FN:33,(anonymous_3)
FN:38,(anonymous_4)
FN:49,(anonymous_5)
FN:93,(anonymous_6)
FNF:7
FNH:7
FNDA:36,Rating
FNDA:11,(anonymous_1)
FNDA:2,handleKeyDown
FNDA:10,(anonymous_3)
FNDA:180,(anonymous_4)
FNDA:1,(anonymous_5)
FNDA:1,(anonymous_6)
DA:10,2
DA:22,36
DA:24,36
DA:26,36
DA:28,2
DA:29,0
DA:32,11
DA:33,11
DA:36,36
DA:38,36
DA:39,180
DA:40,180
DA:41,180
DA:50,1
DA:91,36
DA:93,1
LF:16
LH:15
BRDA:28,0,0,0
BRDA:28,0,1,2
BRDA:68,1,0,0
BRDA:68,1,1,180
BRDA:79,2,0,0
BRDA:79,2,1,180
BRDA:84,3,0,36
BRDA:84,3,1,144
BRDA:104,4,0,0
BRDA:104,4,1,36
BRF:10
BRH:6
end_of_record
TN:
SF:src/components/status-buttons.js
FN:23,TooltipButton
FN:26,handleClick
FN:58,StatusButtons
FN:72,(anonymous_3)
FN:79,(anonymous_4)
FN:88,(anonymous_5)
FN:95,(anonymous_6)
FNF:7
FNH:6
FNDA:130,TooltipButton
FNDA:3,handleClick
FNDA:75,StatusButtons
FNDA:0,(anonymous_3)
FNDA:1,(anonymous_4)
FNDA:1,(anonymous_5)
FNDA:1,(anonymous_6)
DA:24,130
DA:27,3
DA:28,0
DA:30,3
DA:34,130
DA:59,75
DA:61,75
DA:62,75
DA:63,75
DA:65,75
DA:72,0
DA:79,1
DA:88,1
DA:95,1
LF:14
LH:12
BRDA:27,0,0,0
BRDA:27,0,1,3
BRDA:35,1,0,0
BRDA:35,1,1,130
BRDA:40,2,0,26
BRDA:40,2,1,104
BRDA:42,3,0,0
BRDA:42,3,1,104
BRDA:49,4,0,0
BRDA:49,4,1,130
BRDA:52,5,0,26
BRDA:52,5,1,104
BRDA:52,6,0,0
BRDA:52,6,1,104
BRDA:67,7,0,52
BRDA:67,7,1,23
BRDA:68,8,0,44
BRDA:68,8,1,8
BRDA:84,9,0,52
BRDA:84,9,1,23
BRF:20
BRH:15
end_of_record
TN:
SF:src/context/auth-context.js
FN:12,bootstrapAppData
FN:32,AuthProvider
FN:45,(anonymous_2)
FN:51,(anonymous_3)
FN:51,(anonymous_4)
FN:55,(anonymous_5)
FN:55,(anonymous_6)
FN:58,(anonymous_7)
FN:65,(anonymous_8)
FN:84,useAuth
FN:92,useClient
FN:96,(anonymous_11)
FNF:12
FNH:7
FNDA:14,bootstrapAppData
FNDA:43,AuthProvider
FNDA:14,(anonymous_2)
FNDA:0,(anonymous_3)
FNDA:0,(anonymous_4)
FNDA:0,(anonymous_5)
FNDA:0,(anonymous_6)
FNDA:0,(anonymous_7)
FNDA:28,(anonymous_8)
FNDA:502,useAuth
FNDA:486,useClient
FNDA:15,(anonymous_11)
DA:13,14
DA:15,14
DA:16,14
DA:17,14
DA:18,14
DA:21,14
DA:22,11
DA:24,14
DA:26,14
DA:29,2
DA:30,2
DA:43,43
DA:45,42
DA:46,14
DA:47,14
DA:50,42
DA:51,0
DA:54,42
DA:55,0
DA:58,42
DA:59,0
DA:60,0
DA:61,0
DA:64,42
DA:65,28
DA:69,42
DA:70,28
DA:73,14
DA:74,0
DA:77,14
DA:78,14
DA:81,0
DA:85,502
DA:86,500
DA:87,0
DA:89,500
DA:93,486
DA:94,486
DA:95,486
DA:96,15
LF:40
LH:32
BRDA:16,0,0,14
BRDA:16,0,1,0
BRDA:69,1,0,28
BRDA:69,1,1,14
BRDA:69,2,0,42
BRDA:69,2,1,28
BRDA:73,3,0,0
BRDA:73,3,1,14
BRDA:77,4,0,14
BRDA:77,4,1,0
BRDA:86,5,0,0
BRDA:86,5,1,500
BRF:12
BRH:8
end_of_record
TN:
SF:src/context/index.js
FN:10,(anonymous_0)
FN:18,AppProviders
FNF:2
FNH:2
FNDA:1,(anonymous_0)
FNDA:14,AppProviders
DA:6,2
DA:11,1
DA:12,0
DA:13,0
DA:19,14
LF:5
LH:3
BRDA:11,0,0,1
BRDA:11,0,1,0
BRDA:12,1,0,0
BRDA:12,1,1,0
BRF:4
BRH:1
end_of_record
TN:
SF:src/screens/book.js
FN:19,BookScreen
FN:87,ListItemTimeframe
FN:105,NotesTextarea
FN:109,(anonymous_3)
FN:113,handleNotesChange
FNF:5
FNH:5
FNDA:58,BookScreen
FNDA:34,ListItemTimeframe
FNDA:38,NotesTextarea
FNDA:5,(anonymous_3)
FNDA:36,handleNotesChange
DA:20,58
DA:21,57
DA:22,55
DA:24,55
DA:26,55
DA:88,34
DA:92,34
DA:106,38
DA:108,38
DA:109,5
DA:114,36
DA:117,38
LF:12
LH:12
BRDA:66,0,0,8
BRDA:66,0,1,47
BRDA:70,1,0,28
BRDA:70,1,1,27
BRDA:71,2,0,34
BRDA:71,2,1,21
BRDA:79,3,0,34
BRDA:79,3,1,21
BRDA:79,4,0,55
BRDA:79,4,1,47
BRDA:88,5,0,28
BRDA:88,5,1,6
BRDA:98,6,0,28
BRDA:98,6,1,6
BRDA:132,7,0,2
BRDA:132,7,1,36
BRDA:139,8,0,12
BRDA:139,8,1,26
BRF:18
BRH:18
end_of_record
TN:
SF:src/screens/discover.js
FN:13,DiscoverBooksScreen
FN:19,(anonymous_1)
FN:20,(anonymous_2)
FN:23,handleSearchClick
FN:93,(anonymous_4)
FNF:5
FNH:0
FNDA:0,DiscoverBooksScreen
FNDA:0,(anonymous_1)
FNDA:0,(anonymous_2)
FNDA:0,handleSearchClick
FNDA:0,(anonymous_4)
DA:14,0
DA:15,0
DA:16,0
DA:17,0
DA:19,0
DA:20,0
DA:24,0
DA:25,0
DA:26,0
DA:29,0
DA:94,0
LF:11
LH:0
BRDA:50,0,0,0
BRDA:50,0,1,0
BRDA:52,1,0,0
BRDA:52,1,1,0
BRDA:62,2,0,0
BRDA:62,2,1,0
BRDA:70,3,0,0
BRDA:70,3,1,0
BRDA:74,4,0,0
BRDA:74,4,1,0
BRDA:78,5,0,0
BRDA:78,5,1,0
BRDA:78,6,0,0
BRDA:78,6,1,0
BRDA:80,7,0,0
BRDA:80,7,1,0
BRDA:80,8,0,0
BRDA:80,8,1,0
BRDA:87,9,0,0
BRDA:87,9,1,0
BRDA:100,10,0,0
BRDA:100,10,1,0
BRDA:102,11,0,0
BRDA:102,11,1,0
BRF:24
BRH:0
end_of_record
TN:
SF:src/screens/finished.js
FN:5,FinishedScreen
FN:8,(anonymous_1)
FNF:2
FNH:0
FNDA:0,FinishedScreen
FNDA:0,(anonymous_1)
DA:6,0
DA:8,0
LF:2
LH:0
BRF:0
BRH:0
end_of_record
TN:
SF:src/screens/not-found.js
FN:6,NotFoundScreen
FNF:1
FNH:0
FNDA:0,NotFoundScreen
DA:7,0
LF:1
LH:0
BRF:0
BRH:0
end_of_record
TN:
SF:src/screens/reading-list.js
FN:5,ReadingListScreen
FN:8,(anonymous_1)
FNF:2
FNH:0
FNDA:0,ReadingListScreen
FNDA:0,(anonymous_1)
DA:6,0
DA:8,0
LF:2
LH:0
BRF:0
BRH:0
end_of_record
TN:
SF:src/styles/colors.js
FNF:0
FNH:0
DA:1,3
DA:2,3
DA:3,3
DA:4,3
DA:5,3
DA:6,3
DA:7,3
DA:8,3
DA:9,3
DA:10,3
DA:11,3
DA:12,3
DA:13,3
LF:13
LH:13
BRF:0
BRH:0
end_of_record
TN:
SF:src/styles/media-queries.js
FNF:0
FNH:0
DA:1,3
DA:2,3
DA:3,3
LF:3
LH:3
BRF:0
BRH:0
end_of_record
TN:
SF:src/utils/api-client.js
FN:5,client
FN:20,(anonymous_1)
FNF:2
FNH:2
FNDA:35,client
FNDA:35,(anonymous_1)
DA:3,3
DA:9,35
DA:20,35
DA:21,35
DA:22,1
DA:23,1
DA:25,1
DA:26,1
DA:28,34
DA:29,34
DA:30,31
DA:32,3
LF:12
LH:12
BRDA:7,0,0,3
BRDA:10,1,0,6
BRDA:10,1,1,29
BRDA:11,2,0,6
BRDA:11,2,1,29
BRDA:13,3,0,30
BRDA:13,3,1,5
BRDA:14,4,0,6
BRDA:14,4,1,29
BRDA:21,5,0,1
BRDA:21,5,1,34
BRDA:29,6,0,31
BRDA:29,6,1,3
BRF:13
BRH:13
end_of_record
TN:
SF:src/utils/books.js
FN:15,(anonymous_0)
FN:25,(anonymous_1)
FN:27,(anonymous_2)
FN:28,(anonymous_3)
FN:30,(anonymous_4)
FN:42,useBookSearch
FN:48,useBook
FN:52,(anonymous_7)
FN:52,(anonymous_8)
FN:58,useRefetchBookSearchQuery
FN:61,refetchBookSearchQuery
FN:69,setQueryDataForBook
FNF:12
FNH:5
FNDA:20,(anonymous_0)
FNDA:0,(anonymous_1)
FNDA:0,(anonymous_2)
FNDA:0,(anonymous_3)
FNDA:0,(anonymous_4)
FNDA:0,useBookSearch
FNDA:57,useBook
FNDA:3,(anonymous_7)
FNDA:2,(anonymous_8)
FNDA:0,useRefetchBookSearchQuery
FNDA:0,refetchBookSearchQuery
FNDA:19,setQueryDataForBook
DA:6,2
DA:15,20
DA:20,2
DA:25,2
DA:28,0
DA:31,0
DA:32,0
DA:43,0
DA:44,0
DA:45,0
DA:49,57
DA:50,57
DA:52,3
DA:55,55
DA:59,0
DA:60,0
DA:62,0
DA:63,0
DA:70,19
LF:19
LH:9
BRDA:45,0,0,0
BRDA:45,0,1,0
BRDA:55,1,0,55
BRDA:55,1,1,8
BRF:4
BRH:2
end_of_record
TN:
SF:src/utils/hooks.js
FN:3,useSafeDispatch
FN:5,(anonymous_1)
FN:7,(anonymous_2)
FN:10,(anonymous_3)
FN:21,useAsync
FN:27,(anonymous_5)
FN:34,(anonymous_6)
FN:38,(anonymous_7)
FN:42,(anonymous_8)
FN:47,(anonymous_9)
FN:55,(anonymous_10)
FN:59,(anonymous_11)
FNF:12
FNH:12
FNDA:187,useSafeDispatch
FNDA:32,(anonymous_1)
FNDA:32,(anonymous_2)
FNDA:43,(anonymous_3)
FNDA:188,useAsync
FNDA:67,(anonymous_5)
FNDA:20,(anonymous_6)
FNDA:2,(anonymous_7)
FNDA:1,(anonymous_8)
FNDA:21,(anonymous_9)
FNDA:19,(anonymous_10)
FNDA:1,(anonymous_11)
DA:4,187
DA:5,187
DA:6,32
DA:7,32
DA:9,187
DA:10,43
DA:20,3
DA:22,188
DA:26,187
DA:27,67
DA:31,187
DA:33,187
DA:34,20
DA:37,187
DA:38,2
DA:41,187
DA:42,1
DA:46,187
DA:48,21
DA:49,1
DA:53,20
DA:54,20
DA:56,19
DA:57,19
DA:60,1
DA:61,1
DA:68,187
LF:27
LH:27
BRDA:10,0,0,42
BRDA:10,0,1,1
BRDA:48,1,0,1
BRDA:48,1,1,20
BRDA:48,2,0,21
BRDA:48,2,1,20
BRF:6
BRH:6
end_of_record
TN:
SF:src/utils/list-items.js
FN:5,useListItem
FN:7,(anonymous_1)
FN:10,useListItems
FN:15,(anonymous_3)
FN:15,(anonymous_4)
FN:19,(anonymous_5)
FN:31,(anonymous_6)
FN:33,(anonymous_7)
FN:36,onUpdateMutation
FN:39,(anonymous_9)
FN:40,(anonymous_10)
FN:45,(anonymous_11)
FN:48,useUpdateListItem
FN:52,(anonymous_13)
FN:65,useRemoveListItem
FN:68,(anonymous_15)
FN:69,(anonymous_16)
FN:72,(anonymous_17)
FN:73,(anonymous_18)
FN:76,(anonymous_19)
FN:83,useCreateListItem
FN:86,(anonymous_21)
FNF:22
FNH:21
FNDA:130,useListItem
FNDA:86,(anonymous_1)
FNDA:130,useListItems
FNDA:6,(anonymous_3)
FNDA:6,(anonymous_4)
FNDA:12,(anonymous_5)
FNDA:1,(anonymous_6)
FNDA:6,(anonymous_7)
FNDA:4,onUpdateMutation
FNDA:4,(anonymous_9)
FNDA:4,(anonymous_10)
FNDA:1,(anonymous_11)
FNDA:149,useUpdateListItem
FNDA:4,(anonymous_13)
FNDA:75,useRemoveListItem
FNDA:1,(anonymous_15)
FNDA:1,(anonymous_16)
FNDA:1,(anonymous_17)
FNDA:1,(anonymous_18)
FNDA:0,(anonymous_19)
FNDA:75,useCreateListItem
FNDA:1,(anonymous_21)
DA:6,130
DA:7,130
DA:11,130
DA:13,130
DA:15,6
DA:20,12
DA:21,12
DA:22,8
DA:27,130
DA:30,2
DA:32,1
DA:33,6
DA:37,4
DA:39,4
DA:40,4
DA:41,4
DA:45,4
DA:49,149
DA:51,149
DA:53,4
DA:66,75
DA:68,75
DA:70,1
DA:72,1
DA:73,1
DA:76,1
DA:84,75
DA:86,75
LF:28
LH:28
BRDA:7,0,0,130
BRDA:7,0,1,44
BRDA:10,1,0,130
BRDA:27,2,0,130
BRDA:27,2,1,0
BRDA:32,3,0,1
BRDA:32,3,1,0
BRDA:41,4,0,4
BRDA:41,4,1,0
BRF:9
BRH:6
end_of_record
TN:
SF:src/utils/misc.js
FN:1,(anonymous_0)
FNF:1
FNH:1
FNDA:66,(anonymous_0)
DA:1,2
DA:2,66
LF:2
LH:2
BRF:0
BRH:0
end_of_record
